SF:/home/badinoff/projects/leadsnebula/rust/crates/api/src/config.rs
FN:212,_RNCNCNCNCNvMNtCsdK057PofOfl_15leadsnebula_api6configNtBa_9AppConfig4load0s4_0s0_00Bc_
FN:213,_RNCNCNCNCNvMNtCsdK057PofOfl_15leadsnebula_api6configNtBa_9AppConfig4load0s4_0s0_0s_0Bc_
FN:206,_RNCNCNCNvMNtCsdK057PofOfl_15leadsnebula_api6configNtB8_9AppConfig4load0s4_00Ba_
FN:208,_RNCNCNCNvMNtCsdK057PofOfl_15leadsnebula_api6configNtB8_9AppConfig4load0s4_0s0_0Ba_
FN:207,_RNCNCNCNvMNtCsdK057PofOfl_15leadsnebula_api6configNtB8_9AppConfig4load0s4_0s_0Ba_
FN:235,_RNCNCNCNvMNtCsdK057PofOfl_15leadsnebula_api6configNtB8_9AppConfig4load0s8_00Ba_
FN:236,_RNCNCNCNvMNtCsdK057PofOfl_15leadsnebula_api6configNtB8_9AppConfig4load0s8_0s_0Ba_
FN:325,_RNCNCNCNvMNtCsdK057PofOfl_15leadsnebula_api6configNtB8_9AppConfig4load0sj_00Ba_
FN:339,_RNCNCNCNvMNtCsdK057PofOfl_15leadsnebula_api6configNtB8_9AppConfig4load0sl_00Ba_
FN:497,_RNCNCNCNvNtCsdK057PofOfl_15leadsnebula_api6config10init_redis000B9_
FN:498,_RNCNCNCNvNtCsdK057PofOfl_15leadsnebula_api6config10init_redis00s_0B9_
FN:65,_RNCNCNvMNtCsdK057PofOfl_15leadsnebula_api6configNtB6_9AppConfig4load00B8_
FN:134,_RNCNCNvMNtCsdK057PofOfl_15leadsnebula_api6configNtB6_9AppConfig4load0s0_0B8_
FN:135,_RNCNCNvMNtCsdK057PofOfl_15leadsnebula_api6configNtB6_9AppConfig4load0s1_0B8_
FN:145,_RNCNCNvMNtCsdK057PofOfl_15leadsnebula_api6configNtB6_9AppConfig4load0s2_0B8_
FN:146,_RNCNCNvMNtCsdK057PofOfl_15leadsnebula_api6configNtB6_9AppConfig4load0s3_0B8_
FN:203,_RNCNCNvMNtCsdK057PofOfl_15leadsnebula_api6configNtB6_9AppConfig4load0s4_0B8_
FN:220,_RNCNCNvMNtCsdK057PofOfl_15leadsnebula_api6configNtB6_9AppConfig4load0s5_0B8_
FN:229,_RNCNCNvMNtCsdK057PofOfl_15leadsnebula_api6configNtB6_9AppConfig4load0s6_0B8_
FN:230,_RNCNCNvMNtCsdK057PofOfl_15leadsnebula_api6configNtB6_9AppConfig4load0s7_0B8_
FN:231,_RNCNCNvMNtCsdK057PofOfl_15leadsnebula_api6configNtB6_9AppConfig4load0s8_0B8_
FN:242,_RNCNCNvMNtCsdK057PofOfl_15leadsnebula_api6configNtB6_9AppConfig4load0s9_0B8_
FN:66,_RNCNCNvMNtCsdK057PofOfl_15leadsnebula_api6configNtB6_9AppConfig4load0s_0B8_
FN:243,_RNCNCNvMNtCsdK057PofOfl_15leadsnebula_api6configNtB6_9AppConfig4load0sa_0B8_
FN:266,_RNCNCNvMNtCsdK057PofOfl_15leadsnebula_api6configNtB6_9AppConfig4load0sb_0B8_
FN:267,_RNCNCNvMNtCsdK057PofOfl_15leadsnebula_api6configNtB6_9AppConfig4load0sc_0B8_
FN:278,_RNCNCNvMNtCsdK057PofOfl_15leadsnebula_api6configNtB6_9AppConfig4load0sd_0B8_
FN:289,_RNCNCNvMNtCsdK057PofOfl_15leadsnebula_api6configNtB6_9AppConfig4load0se_0B8_
FN:304,_RNCNCNvMNtCsdK057PofOfl_15leadsnebula_api6configNtB6_9AppConfig4load0sf_0B8_
FN:312,_RNCNCNvMNtCsdK057PofOfl_15leadsnebula_api6configNtB6_9AppConfig4load0sg_0B8_
FN:313,_RNCNCNvMNtCsdK057PofOfl_15leadsnebula_api6configNtB6_9AppConfig4load0sh_0B8_
FN:321,_RNCNCNvMNtCsdK057PofOfl_15leadsnebula_api6configNtB6_9AppConfig4load0si_0B8_
FN:322,_RNCNCNvMNtCsdK057PofOfl_15leadsnebula_api6configNtB6_9AppConfig4load0sj_0B8_
FN:335,_RNCNCNvMNtCsdK057PofOfl_15leadsnebula_api6configNtB6_9AppConfig4load0sk_0B8_
FN:336,_RNCNCNvMNtCsdK057PofOfl_15leadsnebula_api6configNtB6_9AppConfig4load0sl_0B8_
FN:369,_RNCNCNvMs_NtCsdK057PofOfl_15leadsnebula_api6configNtB8_8AppState3new00Ba_
FN:452,_RNCNCNvMs_NtCsdK057PofOfl_15leadsnebula_api6configNtB8_8AppState3new0s0_0Ba_
FN:378,_RNCNCNvMs_NtCsdK057PofOfl_15leadsnebula_api6configNtB8_8AppState3new0s_0Ba_
FN:495,_RNCNCNvNtCsdK057PofOfl_15leadsnebula_api6config10init_redis00B7_
FN:517,_RNCNCNvNtCsdK057PofOfl_15leadsnebula_api6config10init_redis0s0_0B7_
FN:546,_RNCNCNvNtCsdK057PofOfl_15leadsnebula_api6config10init_redis0s1_0B7_
FN:547,_RNCNCNvNtCsdK057PofOfl_15leadsnebula_api6config10init_redis0s2_0B7_
FN:506,_RNCNCNvNtCsdK057PofOfl_15leadsnebula_api6config10init_redis0s_0B7_
FN:39,_RNCNvMNtCsdK057PofOfl_15leadsnebula_api6configNtB4_9AppConfig4load0B6_
FN:363,_RNCNvMs_NtCsdK057PofOfl_15leadsnebula_api6configNtB6_8AppState3new0B8_
FN:483,_RNCNvNtCsdK057PofOfl_15leadsnebula_api6config10init_redis0B5_
FN:39,_RNvMNtCsdK057PofOfl_15leadsnebula_api6configNtB2_9AppConfig4load
FN:363,_RNvMs_NtCsdK057PofOfl_15leadsnebula_api6configNtB4_8AppState3new
FN:478,_RNvNtCsdK057PofOfl_15leadsnebula_api6config10init_redis
FN:212,_RNCNCNCNCNvMNtCseTbiQT207CU_15leadsnebula_api6configNtBa_9AppConfig4load0s4_0s0_00Bc_
FN:213,_RNCNCNCNCNvMNtCseTbiQT207CU_15leadsnebula_api6configNtBa_9AppConfig4load0s4_0s0_0s_0Bc_
FN:206,_RNCNCNCNvMNtCseTbiQT207CU_15leadsnebula_api6configNtB8_9AppConfig4load0s4_00Ba_
FN:208,_RNCNCNCNvMNtCseTbiQT207CU_15leadsnebula_api6configNtB8_9AppConfig4load0s4_0s0_0Ba_
FN:207,_RNCNCNCNvMNtCseTbiQT207CU_15leadsnebula_api6configNtB8_9AppConfig4load0s4_0s_0Ba_
FN:235,_RNCNCNCNvMNtCseTbiQT207CU_15leadsnebula_api6configNtB8_9AppConfig4load0s8_00Ba_
FN:236,_RNCNCNCNvMNtCseTbiQT207CU_15leadsnebula_api6configNtB8_9AppConfig4load0s8_0s_0Ba_
FN:325,_RNCNCNCNvMNtCseTbiQT207CU_15leadsnebula_api6configNtB8_9AppConfig4load0sj_00Ba_
FN:339,_RNCNCNCNvMNtCseTbiQT207CU_15leadsnebula_api6configNtB8_9AppConfig4load0sl_00Ba_
FN:497,_RNCNCNCNvNtCseTbiQT207CU_15leadsnebula_api6config10init_redis000B9_
FN:498,_RNCNCNCNvNtCseTbiQT207CU_15leadsnebula_api6config10init_redis00s_0B9_
FN:65,_RNCNCNvMNtCseTbiQT207CU_15leadsnebula_api6configNtB6_9AppConfig4load00B8_
FN:134,_RNCNCNvMNtCseTbiQT207CU_15leadsnebula_api6configNtB6_9AppConfig4load0s0_0B8_
FN:135,_RNCNCNvMNtCseTbiQT207CU_15leadsnebula_api6configNtB6_9AppConfig4load0s1_0B8_
FN:145,_RNCNCNvMNtCseTbiQT207CU_15leadsnebula_api6configNtB6_9AppConfig4load0s2_0B8_
FN:146,_RNCNCNvMNtCseTbiQT207CU_15leadsnebula_api6configNtB6_9AppConfig4load0s3_0B8_
FN:203,_RNCNCNvMNtCseTbiQT207CU_15leadsnebula_api6configNtB6_9AppConfig4load0s4_0B8_
FN:220,_RNCNCNvMNtCseTbiQT207CU_15leadsnebula_api6configNtB6_9AppConfig4load0s5_0B8_
FN:229,_RNCNCNvMNtCseTbiQT207CU_15leadsnebula_api6configNtB6_9AppConfig4load0s6_0B8_
FN:230,_RNCNCNvMNtCseTbiQT207CU_15leadsnebula_api6configNtB6_9AppConfig4load0s7_0B8_
FN:231,_RNCNCNvMNtCseTbiQT207CU_15leadsnebula_api6configNtB6_9AppConfig4load0s8_0B8_
FN:242,_RNCNCNvMNtCseTbiQT207CU_15leadsnebula_api6configNtB6_9AppConfig4load0s9_0B8_
FN:66,_RNCNCNvMNtCseTbiQT207CU_15leadsnebula_api6configNtB6_9AppConfig4load0s_0B8_
FN:243,_RNCNCNvMNtCseTbiQT207CU_15leadsnebula_api6configNtB6_9AppConfig4load0sa_0B8_
FN:266,_RNCNCNvMNtCseTbiQT207CU_15leadsnebula_api6configNtB6_9AppConfig4load0sb_0B8_
FN:267,_RNCNCNvMNtCseTbiQT207CU_15leadsnebula_api6configNtB6_9AppConfig4load0sc_0B8_
FN:278,_RNCNCNvMNtCseTbiQT207CU_15leadsnebula_api6configNtB6_9AppConfig4load0sd_0B8_
FN:289,_RNCNCNvMNtCseTbiQT207CU_15leadsnebula_api6configNtB6_9AppConfig4load0se_0B8_
FN:304,_RNCNCNvMNtCseTbiQT207CU_15leadsnebula_api6configNtB6_9AppConfig4load0sf_0B8_
FN:312,_RNCNCNvMNtCseTbiQT207CU_15leadsnebula_api6configNtB6_9AppConfig4load0sg_0B8_
FN:313,_RNCNCNvMNtCseTbiQT207CU_15leadsnebula_api6configNtB6_9AppConfig4load0sh_0B8_
FN:321,_RNCNCNvMNtCseTbiQT207CU_15leadsnebula_api6configNtB6_9AppConfig4load0si_0B8_
FN:322,_RNCNCNvMNtCseTbiQT207CU_15leadsnebula_api6configNtB6_9AppConfig4load0sj_0B8_
FN:335,_RNCNCNvMNtCseTbiQT207CU_15leadsnebula_api6configNtB6_9AppConfig4load0sk_0B8_
FN:336,_RNCNCNvMNtCseTbiQT207CU_15leadsnebula_api6configNtB6_9AppConfig4load0sl_0B8_
FN:369,_RNCNCNvMs_NtCseTbiQT207CU_15leadsnebula_api6configNtB8_8AppState3new00Ba_
FN:452,_RNCNCNvMs_NtCseTbiQT207CU_15leadsnebula_api6configNtB8_8AppState3new0s0_0Ba_
FN:378,_RNCNCNvMs_NtCseTbiQT207CU_15leadsnebula_api6configNtB8_8AppState3new0s_0Ba_
FN:495,_RNCNCNvNtCseTbiQT207CU_15leadsnebula_api6config10init_redis00B7_
FN:517,_RNCNCNvNtCseTbiQT207CU_15leadsnebula_api6config10init_redis0s0_0B7_
FN:546,_RNCNCNvNtCseTbiQT207CU_15leadsnebula_api6config10init_redis0s1_0B7_
FN:547,_RNCNCNvNtCseTbiQT207CU_15leadsnebula_api6config10init_redis0s2_0B7_
FN:506,_RNCNCNvNtCseTbiQT207CU_15leadsnebula_api6config10init_redis0s_0B7_
FN:39,_RNCNvMNtCseTbiQT207CU_15leadsnebula_api6configNtB4_9AppConfig4load0B6_
FN:363,_RNCNvMs_NtCseTbiQT207CU_15leadsnebula_api6configNtB6_8AppState3new0B8_
FN:483,_RNCNvNtCseTbiQT207CU_15leadsnebula_api6config10init_redis0B5_
FN:39,_RNvMNtCseTbiQT207CU_15leadsnebula_api6configNtB2_9AppConfig4load
FN:363,_RNvMs_NtCseTbiQT207CU_15leadsnebula_api6configNtB4_8AppState3new
FN:478,_RNvNtCseTbiQT207CU_15leadsnebula_api6config10init_redis
FNDA:0,_RNCNCNCNCNvMNtCsdK057PofOfl_15leadsnebula_api6configNtBa_9AppConfig4load0s4_0s0_00Bc_
FNDA:0,_RNCNCNCNCNvMNtCsdK057PofOfl_15leadsnebula_api6configNtBa_9AppConfig4load0s4_0s0_0s_0Bc_
FNDA:0,_RNCNCNCNvMNtCsdK057PofOfl_15leadsnebula_api6configNtB8_9AppConfig4load0s4_00Ba_
FNDA:0,_RNCNCNCNvMNtCsdK057PofOfl_15leadsnebula_api6configNtB8_9AppConfig4load0s4_0s0_0Ba_
FNDA:0,_RNCNCNCNvMNtCsdK057PofOfl_15leadsnebula_api6configNtB8_9AppConfig4load0s4_0s_0Ba_
FNDA:0,_RNCNCNCNvMNtCsdK057PofOfl_15leadsnebula_api6configNtB8_9AppConfig4load0s8_00Ba_
FNDA:0,_RNCNCNCNvMNtCsdK057PofOfl_15leadsnebula_api6configNtB8_9AppConfig4load0s8_0s_0Ba_
FNDA:0,_RNCNCNCNvMNtCsdK057PofOfl_15leadsnebula_api6configNtB8_9AppConfig4load0sj_00Ba_
FNDA:0,_RNCNCNCNvMNtCsdK057PofOfl_15leadsnebula_api6configNtB8_9AppConfig4load0sl_00Ba_
FNDA:0,_RNCNCNCNvNtCsdK057PofOfl_15leadsnebula_api6config10init_redis000B9_
FNDA:0,_RNCNCNCNvNtCsdK057PofOfl_15leadsnebula_api6config10init_redis00s_0B9_
FNDA:0,_RNCNCNvMNtCsdK057PofOfl_15leadsnebula_api6configNtB6_9AppConfig4load00B8_
FNDA:0,_RNCNCNvMNtCsdK057PofOfl_15leadsnebula_api6configNtB6_9AppConfig4load0s0_0B8_
FNDA:0,_RNCNCNvMNtCsdK057PofOfl_15leadsnebula_api6configNtB6_9AppConfig4load0s1_0B8_
FNDA:0,_RNCNCNvMNtCsdK057PofOfl_15leadsnebula_api6configNtB6_9AppConfig4load0s2_0B8_
FNDA:0,_RNCNCNvMNtCsdK057PofOfl_15leadsnebula_api6configNtB6_9AppConfig4load0s3_0B8_
FNDA:0,_RNCNCNvMNtCsdK057PofOfl_15leadsnebula_api6configNtB6_9AppConfig4load0s4_0B8_
FNDA:0,_RNCNCNvMNtCsdK057PofOfl_15leadsnebula_api6configNtB6_9AppConfig4load0s5_0B8_
FNDA:0,_RNCNCNvMNtCsdK057PofOfl_15leadsnebula_api6configNtB6_9AppConfig4load0s6_0B8_
FNDA:0,_RNCNCNvMNtCsdK057PofOfl_15leadsnebula_api6configNtB6_9AppConfig4load0s7_0B8_
FNDA:0,_RNCNCNvMNtCsdK057PofOfl_15leadsnebula_api6configNtB6_9AppConfig4load0s8_0B8_
FNDA:0,_RNCNCNvMNtCsdK057PofOfl_15leadsnebula_api6configNtB6_9AppConfig4load0s9_0B8_
FNDA:0,_RNCNCNvMNtCsdK057PofOfl_15leadsnebula_api6configNtB6_9AppConfig4load0s_0B8_
FNDA:0,_RNCNCNvMNtCsdK057PofOfl_15leadsnebula_api6configNtB6_9AppConfig4load0sa_0B8_
FNDA:0,_RNCNCNvMNtCsdK057PofOfl_15leadsnebula_api6configNtB6_9AppConfig4load0sb_0B8_
FNDA:0,_RNCNCNvMNtCsdK057PofOfl_15leadsnebula_api6configNtB6_9AppConfig4load0sc_0B8_
FNDA:0,_RNCNCNvMNtCsdK057PofOfl_15leadsnebula_api6configNtB6_9AppConfig4load0sd_0B8_
FNDA:0,_RNCNCNvMNtCsdK057PofOfl_15leadsnebula_api6configNtB6_9AppConfig4load0se_0B8_
FNDA:0,_RNCNCNvMNtCsdK057PofOfl_15leadsnebula_api6configNtB6_9AppConfig4load0sf_0B8_
FNDA:0,_RNCNCNvMNtCsdK057PofOfl_15leadsnebula_api6configNtB6_9AppConfig4load0sg_0B8_
FNDA:0,_RNCNCNvMNtCsdK057PofOfl_15leadsnebula_api6configNtB6_9AppConfig4load0sh_0B8_
FNDA:0,_RNCNCNvMNtCsdK057PofOfl_15leadsnebula_api6configNtB6_9AppConfig4load0si_0B8_
FNDA:0,_RNCNCNvMNtCsdK057PofOfl_15leadsnebula_api6configNtB6_9AppConfig4load0sj_0B8_
FNDA:0,_RNCNCNvMNtCsdK057PofOfl_15leadsnebula_api6configNtB6_9AppConfig4load0sk_0B8_
FNDA:0,_RNCNCNvMNtCsdK057PofOfl_15leadsnebula_api6configNtB6_9AppConfig4load0sl_0B8_
FNDA:0,_RNCNCNvMs_NtCsdK057PofOfl_15leadsnebula_api6configNtB8_8AppState3new00Ba_
FNDA:0,_RNCNCNvMs_NtCsdK057PofOfl_15leadsnebula_api6configNtB8_8AppState3new0s0_0Ba_
FNDA:0,_RNCNCNvMs_NtCsdK057PofOfl_15leadsnebula_api6configNtB8_8AppState3new0s_0Ba_
FNDA:0,_RNCNCNvNtCsdK057PofOfl_15leadsnebula_api6config10init_redis00B7_
FNDA:0,_RNCNCNvNtCsdK057PofOfl_15leadsnebula_api6config10init_redis0s0_0B7_
FNDA:0,_RNCNCNvNtCsdK057PofOfl_15leadsnebula_api6config10init_redis0s1_0B7_
FNDA:0,_RNCNCNvNtCsdK057PofOfl_15leadsnebula_api6config10init_redis0s2_0B7_
FNDA:0,_RNCNCNvNtCsdK057PofOfl_15leadsnebula_api6config10init_redis0s_0B7_
FNDA:0,_RNCNvMNtCsdK057PofOfl_15leadsnebula_api6configNtB4_9AppConfig4load0B6_
FNDA:0,_RNCNvMs_NtCsdK057PofOfl_15leadsnebula_api6configNtB6_8AppState3new0B8_
FNDA:0,_RNCNvNtCsdK057PofOfl_15leadsnebula_api6config10init_redis0B5_
FNDA:0,_RNvMNtCsdK057PofOfl_15leadsnebula_api6configNtB2_9AppConfig4load
FNDA:0,_RNvMs_NtCsdK057PofOfl_15leadsnebula_api6configNtB4_8AppState3new
FNDA:0,_RNvNtCsdK057PofOfl_15leadsnebula_api6config10init_redis
FNDA:0,_RNCNCNCNCNvMNtCseTbiQT207CU_15leadsnebula_api6configNtBa_9AppConfig4load0s4_0s0_00Bc_
FNDA:0,_RNCNCNCNCNvMNtCseTbiQT207CU_15leadsnebula_api6configNtBa_9AppConfig4load0s4_0s0_0s_0Bc_
FNDA:0,_RNCNCNCNvMNtCseTbiQT207CU_15leadsnebula_api6configNtB8_9AppConfig4load0s4_00Ba_
FNDA:0,_RNCNCNCNvMNtCseTbiQT207CU_15leadsnebula_api6configNtB8_9AppConfig4load0s4_0s0_0Ba_
FNDA:0,_RNCNCNCNvMNtCseTbiQT207CU_15leadsnebula_api6configNtB8_9AppConfig4load0s4_0s_0Ba_
FNDA:0,_RNCNCNCNvMNtCseTbiQT207CU_15leadsnebula_api6configNtB8_9AppConfig4load0s8_00Ba_
FNDA:0,_RNCNCNCNvMNtCseTbiQT207CU_15leadsnebula_api6configNtB8_9AppConfig4load0s8_0s_0Ba_
FNDA:0,_RNCNCNCNvMNtCseTbiQT207CU_15leadsnebula_api6configNtB8_9AppConfig4load0sj_00Ba_
FNDA:0,_RNCNCNCNvMNtCseTbiQT207CU_15leadsnebula_api6configNtB8_9AppConfig4load0sl_00Ba_
FNDA:0,_RNCNCNCNvNtCseTbiQT207CU_15leadsnebula_api6config10init_redis000B9_
FNDA:0,_RNCNCNCNvNtCseTbiQT207CU_15leadsnebula_api6config10init_redis00s_0B9_
FNDA:0,_RNCNCNvMNtCseTbiQT207CU_15leadsnebula_api6configNtB6_9AppConfig4load00B8_
FNDA:0,_RNCNCNvMNtCseTbiQT207CU_15leadsnebula_api6configNtB6_9AppConfig4load0s0_0B8_
FNDA:0,_RNCNCNvMNtCseTbiQT207CU_15leadsnebula_api6configNtB6_9AppConfig4load0s1_0B8_
FNDA:0,_RNCNCNvMNtCseTbiQT207CU_15leadsnebula_api6configNtB6_9AppConfig4load0s2_0B8_
FNDA:0,_RNCNCNvMNtCseTbiQT207CU_15leadsnebula_api6configNtB6_9AppConfig4load0s3_0B8_
FNDA:0,_RNCNCNvMNtCseTbiQT207CU_15leadsnebula_api6configNtB6_9AppConfig4load0s4_0B8_
FNDA:0,_RNCNCNvMNtCseTbiQT207CU_15leadsnebula_api6configNtB6_9AppConfig4load0s5_0B8_
FNDA:0,_RNCNCNvMNtCseTbiQT207CU_15leadsnebula_api6configNtB6_9AppConfig4load0s6_0B8_
FNDA:0,_RNCNCNvMNtCseTbiQT207CU_15leadsnebula_api6configNtB6_9AppConfig4load0s7_0B8_
FNDA:0,_RNCNCNvMNtCseTbiQT207CU_15leadsnebula_api6configNtB6_9AppConfig4load0s8_0B8_
FNDA:0,_RNCNCNvMNtCseTbiQT207CU_15leadsnebula_api6configNtB6_9AppConfig4load0s9_0B8_
FNDA:0,_RNCNCNvMNtCseTbiQT207CU_15leadsnebula_api6configNtB6_9AppConfig4load0s_0B8_
FNDA:0,_RNCNCNvMNtCseTbiQT207CU_15leadsnebula_api6configNtB6_9AppConfig4load0sa_0B8_
FNDA:0,_RNCNCNvMNtCseTbiQT207CU_15leadsnebula_api6configNtB6_9AppConfig4load0sb_0B8_
FNDA:0,_RNCNCNvMNtCseTbiQT207CU_15leadsnebula_api6configNtB6_9AppConfig4load0sc_0B8_
FNDA:0,_RNCNCNvMNtCseTbiQT207CU_15leadsnebula_api6configNtB6_9AppConfig4load0sd_0B8_
FNDA:0,_RNCNCNvMNtCseTbiQT207CU_15leadsnebula_api6configNtB6_9AppConfig4load0se_0B8_
FNDA:0,_RNCNCNvMNtCseTbiQT207CU_15leadsnebula_api6configNtB6_9AppConfig4load0sf_0B8_
FNDA:0,_RNCNCNvMNtCseTbiQT207CU_15leadsnebula_api6configNtB6_9AppConfig4load0sg_0B8_
FNDA:0,_RNCNCNvMNtCseTbiQT207CU_15leadsnebula_api6configNtB6_9AppConfig4load0sh_0B8_
FNDA:0,_RNCNCNvMNtCseTbiQT207CU_15leadsnebula_api6configNtB6_9AppConfig4load0si_0B8_
FNDA:0,_RNCNCNvMNtCseTbiQT207CU_15leadsnebula_api6configNtB6_9AppConfig4load0sj_0B8_
FNDA:0,_RNCNCNvMNtCseTbiQT207CU_15leadsnebula_api6configNtB6_9AppConfig4load0sk_0B8_
FNDA:0,_RNCNCNvMNtCseTbiQT207CU_15leadsnebula_api6configNtB6_9AppConfig4load0sl_0B8_
FNDA:0,_RNCNCNvMs_NtCseTbiQT207CU_15leadsnebula_api6configNtB8_8AppState3new00Ba_
FNDA:0,_RNCNCNvMs_NtCseTbiQT207CU_15leadsnebula_api6configNtB8_8AppState3new0s0_0Ba_
FNDA:0,_RNCNCNvMs_NtCseTbiQT207CU_15leadsnebula_api6configNtB8_8AppState3new0s_0Ba_
FNDA:0,_RNCNCNvNtCseTbiQT207CU_15leadsnebula_api6config10init_redis00B7_
FNDA:0,_RNCNCNvNtCseTbiQT207CU_15leadsnebula_api6config10init_redis0s0_0B7_
FNDA:0,_RNCNCNvNtCseTbiQT207CU_15leadsnebula_api6config10init_redis0s1_0B7_
FNDA:0,_RNCNCNvNtCseTbiQT207CU_15leadsnebula_api6config10init_redis0s2_0B7_
FNDA:0,_RNCNCNvNtCseTbiQT207CU_15leadsnebula_api6config10init_redis0s_0B7_
FNDA:0,_RNCNvMNtCseTbiQT207CU_15leadsnebula_api6configNtB4_9AppConfig4load0B6_
FNDA:0,_RNCNvMs_NtCseTbiQT207CU_15leadsnebula_api6configNtB6_8AppState3new0B8_
FNDA:0,_RNCNvNtCseTbiQT207CU_15leadsnebula_api6config10init_redis0B5_
FNDA:0,_RNvMNtCseTbiQT207CU_15leadsnebula_api6configNtB2_9AppConfig4load
FNDA:0,_RNvMs_NtCseTbiQT207CU_15leadsnebula_api6configNtB4_8AppState3new
FNDA:0,_RNvNtCseTbiQT207CU_15leadsnebula_api6config10init_redis
FNF:49
FNH:0
DA:39,0
DA:42,0
DA:48,0
DA:50,0
DA:51,0
DA:52,0
DA:53,0
DA:54,0
DA:56,0
DA:60,0
DA:62,0
DA:64,0
DA:65,0
DA:66,0
DA:68,0
DA:72,0
DA:73,0
DA:75,0
DA:76,0
DA:77,0
DA:79,0
DA:81,0
DA:82,0
DA:83,0
DA:84,0
DA:85,0
DA:87,0
DA:88,0
DA:89,0
DA:90,0
DA:91,0
DA:92,0
DA:93,0
DA:94,0
DA:95,0
DA:97,0
DA:98,0
DA:102,0
DA:103,0
DA:107,0
DA:108,0
DA:113,0
DA:114,0
DA:115,0
DA:118,0
DA:119,0
DA:120,0
DA:121,0
DA:122,0
DA:123,0
DA:124,0
DA:129,0
DA:130,0
DA:132,0
DA:133,0
DA:134,0
DA:135,0
DA:136,0
DA:137,0
DA:139,0
DA:142,0
DA:143,0
DA:144,0
DA:145,0
DA:146,0
DA:148,0
DA:149,0
DA:150,0
DA:156,0
DA:162,0
DA:163,0
DA:164,0
DA:165,0
DA:167,0
DA:168,0
DA:169,0
DA:170,0
DA:171,0
DA:172,0
DA:174,0
DA:177,0
DA:179,0
DA:180,0
DA:181,0
DA:184,0
DA:185,0
DA:186,0
DA:192,0
DA:193,0
DA:194,0
DA:199,0
DA:201,0
DA:202,0
DA:203,0
DA:204,0
DA:205,0
DA:206,0
DA:207,0
DA:208,0
DA:210,0
DA:211,0
DA:212,0
DA:213,0
DA:215,0
DA:217,0
DA:218,0
DA:219,0
DA:220,0
DA:221,0
DA:222,0
DA:224,0
DA:227,0
DA:228,0
DA:229,0
DA:230,0
DA:231,0
DA:233,0
DA:234,0
DA:235,0
DA:236,0
DA:238,0
DA:240,0
DA:241,0
DA:242,0
DA:243,0
DA:244,0
DA:245,0
DA:247,0
DA:249,0
DA:257,0
DA:258,0
DA:262,0
DA:264,0
DA:265,0
DA:266,0
DA:267,0
DA:268,0
DA:269,0
DA:272,0
DA:275,0
DA:276,0
DA:277,0
DA:278,0
DA:279,0
DA:280,0
DA:283,0
DA:287,0
DA:288,0
DA:289,0
DA:291,0
DA:292,0
DA:293,0
DA:294,0
DA:295,0
DA:296,0
DA:298,0
DA:299,0
DA:300,0
DA:301,0
DA:302,0
DA:303,0
DA:304,0
DA:306,0
DA:307,0
DA:308,0
DA:309,0
DA:310,0
DA:311,0
DA:312,0
DA:313,0
DA:316,0
DA:317,0
DA:318,0
DA:319,0
DA:320,0
DA:321,0
DA:322,0
DA:323,0
DA:324,0
DA:325,0
DA:326,0
DA:327,0
DA:330,0
DA:331,0
DA:332,0
DA:333,0
DA:334,0
DA:335,0
DA:336,0
DA:337,0
DA:338,0
DA:339,0
DA:340,0
DA:341,0
DA:343,0
DA:344,0
DA:348,0
DA:349,0
DA:350,0
DA:351,0
DA:352,0
DA:353,0
DA:354,0
DA:355,0
DA:356,0
DA:357,0
DA:358,0
DA:359,0
DA:363,0
DA:364,0
DA:367,0
DA:369,0
DA:370,0
DA:371,0
DA:372,0
DA:373,0
DA:374,0
DA:375,0
DA:376,0
DA:378,0
DA:379,0
DA:381,0
DA:382,0
DA:383,0
DA:384,0
DA:385,0
DA:386,0
DA:387,0
DA:390,0
DA:392,0
DA:395,0
DA:398,0
DA:399,0
DA:400,0
DA:401,0
DA:403,0
DA:404,0
DA:405,0
DA:406,0
DA:407,0
DA:410,0
DA:411,0
DA:412,0
DA:417,0
DA:418,0
DA:420,0
DA:421,0
DA:423,0
DA:425,0
DA:426,0
DA:427,0
DA:430,0
DA:432,0
DA:438,0
DA:439,0
DA:440,0
DA:441,0
DA:442,0
DA:443,0
DA:444,0
DA:450,0
DA:451,0
DA:452,0
DA:453,0
DA:454,0
DA:457,0
DA:460,0
DA:461,0
DA:462,0
DA:463,0
DA:468,0
DA:469,0
DA:470,0
DA:471,0
DA:472,0
DA:473,0
DA:474,0
DA:478,0
DA:479,0
DA:480,0
DA:481,0
DA:482,0
DA:483,0
DA:485,0
DA:486,0
DA:487,0
DA:490,0
DA:493,0
DA:494,0
DA:495,0
DA:496,0
DA:497,0
DA:498,0
DA:499,0
DA:500,0
DA:501,0
DA:502,0
DA:503,0
DA:504,0
DA:505,0
DA:506,0
DA:508,0
DA:511,0
DA:512,0
DA:515,0
DA:516,0
DA:517,0
DA:518,0
DA:519,0
DA:520,0
DA:521,0
DA:522,0
DA:523,0
DA:525,0
DA:526,0
DA:527,0
DA:529,0
DA:530,0
DA:531,0
DA:532,0
DA:534,0
DA:535,0
DA:536,0
DA:539,0
DA:543,0
DA:544,0
DA:545,0
DA:546,0
DA:547,0
DA:548,0
DA:549,0
DA:554,0
DA:555,0
DA:556,0
DA:557,0
DA:560,0
DA:561,0
DA:562,0
DA:563,0
DA:564,0
DA:566,0
DA:568,0
DA:569,0
DA:570,0
DA:571,0
DA:572,0
DA:573,0
DA:575,0
DA:576,0
DA:577,0
DA:580,0
DA:584,0
DA:585,0
DA:586,0
DA:589,0
DA:592,0
DA:593,0
DA:596,0
DA:602,0
DA:603,0
DA:604,0
DA:607,0
DA:608,0
DA:610,0
DA:611,0
DA:615,0
DA:616,0
DA:617,0
DA:618,0
DA:619,0
DA:621,0
DA:623,0
DA:624,0
DA:625,0
DA:626,0
DA:627,0
DA:628,0
DA:630,0
DA:631,0
DA:632,0
DA:635,0
DA:639,0
DA:640,0
DA:641,0
DA:644,0
DA:647,0
DA:648,0
DA:651,0
DA:656,0
BRF:0
BRH:0
LF:442
LH:0
end_of_record
SF:/home/badinoff/projects/leadsnebula/rust/crates/api/src/main.rs
FN:57,_RNCNCNvCsdK057PofOfl_15leadsnebula_api23load_env_local_tolerants1_00B5_
FN:72,_RNCNCNvCsdK057PofOfl_15leadsnebula_api23load_env_local_tolerants3_00B5_
FN:93,_RNCNCNvCsdK057PofOfl_15leadsnebula_api4main00B5_
FN:122,_RNCNCNvCsdK057PofOfl_15leadsnebula_api4main0s_0B5_
FN:44,_RNCNvCsdK057PofOfl_15leadsnebula_api23load_env_local_tolerant0B3_
FN:53,_RNCNvCsdK057PofOfl_15leadsnebula_api23load_env_local_tolerants0_0B3_
FN:54,_RNCNvCsdK057PofOfl_15leadsnebula_api23load_env_local_tolerants1_0B3_
FN:68,_RNCNvCsdK057PofOfl_15leadsnebula_api23load_env_local_tolerants2_0B3_
FN:69,_RNCNvCsdK057PofOfl_15leadsnebula_api23load_env_local_tolerants3_0B3_
FN:45,_RNCNvCsdK057PofOfl_15leadsnebula_api23load_env_local_tolerants_0B3_
FN:87,_RNCNvCsdK057PofOfl_15leadsnebula_api4main0B3_
FN:21,_RNvCsdK057PofOfl_15leadsnebula_api23load_env_local_tolerant
FN:87,_RNvCsdK057PofOfl_15leadsnebula_api4main
FN:21,_RNvCseTbiQT207CU_15leadsnebula_api23load_env_local_tolerant
FN:87,_RNvCseTbiQT207CU_15leadsnebula_api4main
FN:57,_RNCNCNvCseTbiQT207CU_15leadsnebula_api23load_env_local_tolerants1_00B5_
FN:72,_RNCNCNvCseTbiQT207CU_15leadsnebula_api23load_env_local_tolerants3_00B5_
FN:93,_RNCNCNvCseTbiQT207CU_15leadsnebula_api4main00B5_
FN:122,_RNCNCNvCseTbiQT207CU_15leadsnebula_api4main0s_0B5_
FN:44,_RNCNvCseTbiQT207CU_15leadsnebula_api23load_env_local_tolerant0B3_
FN:53,_RNCNvCseTbiQT207CU_15leadsnebula_api23load_env_local_tolerants0_0B3_
FN:54,_RNCNvCseTbiQT207CU_15leadsnebula_api23load_env_local_tolerants1_0B3_
FN:68,_RNCNvCseTbiQT207CU_15leadsnebula_api23load_env_local_tolerants2_0B3_
FN:69,_RNCNvCseTbiQT207CU_15leadsnebula_api23load_env_local_tolerants3_0B3_
FN:45,_RNCNvCseTbiQT207CU_15leadsnebula_api23load_env_local_tolerants_0B3_
FN:87,_RNCNvCseTbiQT207CU_15leadsnebula_api4main0B3_
FNDA:0,_RNCNCNvCsdK057PofOfl_15leadsnebula_api23load_env_local_tolerants1_00B5_
FNDA:0,_RNCNCNvCsdK057PofOfl_15leadsnebula_api23load_env_local_tolerants3_00B5_
FNDA:0,_RNCNCNvCsdK057PofOfl_15leadsnebula_api4main00B5_
FNDA:0,_RNCNCNvCsdK057PofOfl_15leadsnebula_api4main0s_0B5_
FNDA:0,_RNCNvCsdK057PofOfl_15leadsnebula_api23load_env_local_tolerant0B3_
FNDA:0,_RNCNvCsdK057PofOfl_15leadsnebula_api23load_env_local_tolerants0_0B3_
FNDA:0,_RNCNvCsdK057PofOfl_15leadsnebula_api23load_env_local_tolerants1_0B3_
FNDA:0,_RNCNvCsdK057PofOfl_15leadsnebula_api23load_env_local_tolerants2_0B3_
FNDA:0,_RNCNvCsdK057PofOfl_15leadsnebula_api23load_env_local_tolerants3_0B3_
FNDA:0,_RNCNvCsdK057PofOfl_15leadsnebula_api23load_env_local_tolerants_0B3_
FNDA:0,_RNCNvCsdK057PofOfl_15leadsnebula_api4main0B3_
FNDA:0,_RNvCsdK057PofOfl_15leadsnebula_api23load_env_local_tolerant
FNDA:0,_RNvCsdK057PofOfl_15leadsnebula_api4main
FNDA:0,_RNvCseTbiQT207CU_15leadsnebula_api23load_env_local_tolerant
FNDA:0,_RNvCseTbiQT207CU_15leadsnebula_api4main
FNDA:0,_RNCNCNvCseTbiQT207CU_15leadsnebula_api23load_env_local_tolerants1_00B5_
FNDA:0,_RNCNCNvCseTbiQT207CU_15leadsnebula_api23load_env_local_tolerants3_00B5_
FNDA:0,_RNCNCNvCseTbiQT207CU_15leadsnebula_api4main00B5_
FNDA:0,_RNCNCNvCseTbiQT207CU_15leadsnebula_api4main0s_0B5_
FNDA:0,_RNCNvCseTbiQT207CU_15leadsnebula_api23load_env_local_tolerant0B3_
FNDA:0,_RNCNvCseTbiQT207CU_15leadsnebula_api23load_env_local_tolerants0_0B3_
FNDA:0,_RNCNvCseTbiQT207CU_15leadsnebula_api23load_env_local_tolerants1_0B3_
FNDA:0,_RNCNvCseTbiQT207CU_15leadsnebula_api23load_env_local_tolerants2_0B3_
FNDA:0,_RNCNvCseTbiQT207CU_15leadsnebula_api23load_env_local_tolerants3_0B3_
FNDA:0,_RNCNvCseTbiQT207CU_15leadsnebula_api23load_env_local_tolerants_0B3_
FNDA:0,_RNCNvCseTbiQT207CU_15leadsnebula_api4main0B3_
FNF:13
FNH:0
DA:21,0
DA:22,0
DA:23,0
DA:25,0
DA:26,0
DA:29,0
DA:30,0
DA:31,0
DA:35,0
DA:36,0
DA:37,0
DA:40,0
DA:41,0
DA:42,0
DA:43,0
DA:44,0
DA:45,0
DA:48,0
DA:51,0
DA:52,0
DA:53,0
DA:54,0
DA:55,0
DA:56,0
DA:57,0
DA:58,0
DA:59,0
DA:63,0
DA:64,0
DA:66,0
DA:67,0
DA:68,0
DA:69,0
DA:70,0
DA:71,0
DA:72,0
DA:73,0
DA:74,0
DA:75,0
DA:77,0
DA:78,0
DA:79,0
DA:80,0
DA:83,0
DA:84,0
DA:87,0
DA:91,0
DA:92,0
DA:93,0
DA:94,0
DA:95,0
DA:103,0
DA:104,0
DA:105,0
DA:106,0
DA:107,0
DA:108,0
DA:109,0
DA:110,0
DA:111,0
DA:113,0
DA:114,0
DA:115,0
DA:116,0
DA:119,0
DA:120,0
DA:121,0
DA:122,0
DA:124,0
DA:126,0
DA:129,0
DA:130,0
DA:134,0
DA:135,0
DA:136,0
DA:138,0
DA:139,0
DA:140,0
DA:141,0
DA:142,0
DA:143,0
DA:144,0
DA:145,0
DA:146,0
DA:147,0
DA:148,0
DA:149,0
DA:150,0
DA:151,0
DA:152,0
DA:153,0
DA:154,0
DA:155,0
DA:156,0
DA:157,0
DA:158,0
DA:159,0
DA:160,0
DA:161,0
DA:162,0
DA:163,0
DA:164,0
DA:165,0
DA:166,0
DA:167,0
DA:168,0
DA:169,0
DA:170,0
DA:171,0
DA:172,0
DA:173,0
DA:174,0
DA:175,0
DA:176,0
DA:177,0
DA:178,0
DA:179,0
DA:180,0
DA:181,0
DA:182,0
DA:183,0
DA:184,0
DA:185,0
DA:186,0
DA:187,0
DA:188,0
DA:189,0
DA:190,0
DA:191,0
DA:192,0
DA:193,0
DA:194,0
DA:195,0
DA:196,0
DA:197,0
DA:198,0
DA:199,0
DA:200,0
DA:201,0
DA:202,0
DA:203,0
DA:204,0
DA:205,0
DA:206,0
DA:207,0
DA:208,0
DA:209,0
DA:210,0
DA:211,0
DA:212,0
DA:213,0
DA:214,0
DA:215,0
DA:216,0
DA:217,0
DA:218,0
DA:219,0
DA:220,0
DA:221,0
DA:222,0
DA:223,0
DA:224,0
DA:225,0
DA:226,0
DA:227,0
DA:228,0
DA:229,0
DA:230,0
DA:231,0
DA:232,0
DA:233,0
DA:234,0
DA:235,0
DA:236,0
DA:237,0
DA:238,0
DA:239,0
DA:240,0
DA:241,0
DA:242,0
DA:243,0
DA:244,0
DA:245,0
DA:246,0
DA:247,0
DA:248,0
DA:249,0
DA:250,0
DA:251,0
DA:252,0
DA:253,0
BRF:0
BRH:0
LF:283
LH:0
end_of_record
SF:/home/badinoff/projects/leadsnebula/rust/crates/api/src/middleware/api_auth.rs
FN:22,_RNCNCNvNtNtCsdK057PofOfl_15leadsnebula_api10middleware8api_auth23api_key_auth_middleware00B9_
FN:23,_RNCNCNvNtNtCsdK057PofOfl_15leadsnebula_api10middleware8api_auth23api_key_auth_middleware0s_0B9_
FN:19,_RNCNvNtNtCsdK057PofOfl_15leadsnebula_api10middleware8api_auth23api_key_auth_middleware0B7_
FN:14,_RNvNtNtCsdK057PofOfl_15leadsnebula_api10middleware8api_auth23api_key_auth_middleware
FN:22,_RNCNCNvNtNtCseTbiQT207CU_15leadsnebula_api10middleware8api_auth23api_key_auth_middleware00B9_
FN:23,_RNCNCNvNtNtCseTbiQT207CU_15leadsnebula_api10middleware8api_auth23api_key_auth_middleware0s_0B9_
FN:19,_RNCNvNtNtCseTbiQT207CU_15leadsnebula_api10middleware8api_auth23api_key_auth_middleware0B7_
FN:14,_RNvNtNtCseTbiQT207CU_15leadsnebula_api10middleware8api_auth23api_key_auth_middleware
FNDA:0,_RNCNCNvNtNtCsdK057PofOfl_15leadsnebula_api10middleware8api_auth23api_key_auth_middleware00B9_
FNDA:0,_RNCNCNvNtNtCsdK057PofOfl_15leadsnebula_api10middleware8api_auth23api_key_auth_middleware0s_0B9_
FNDA:0,_RNCNvNtNtCsdK057PofOfl_15leadsnebula_api10middleware8api_auth23api_key_auth_middleware0B7_
FNDA:0,_RNvNtNtCsdK057PofOfl_15leadsnebula_api10middleware8api_auth23api_key_auth_middleware
FNDA:0,_RNCNCNvNtNtCseTbiQT207CU_15leadsnebula_api10middleware8api_auth23api_key_auth_middleware00B9_
FNDA:0,_RNCNCNvNtNtCseTbiQT207CU_15leadsnebula_api10middleware8api_auth23api_key_auth_middleware0s_0B9_
FNDA:0,_RNCNvNtNtCseTbiQT207CU_15leadsnebula_api10middleware8api_auth23api_key_auth_middleware0B7_
FNDA:0,_RNvNtNtCseTbiQT207CU_15leadsnebula_api10middleware8api_auth23api_key_auth_middleware
FNF:4
FNH:0
DA:14,0
DA:15,0
DA:16,0
DA:17,0
DA:18,0
DA:19,0
DA:20,0
DA:21,0
DA:22,0
DA:23,0
DA:25,0
DA:26,0
DA:28,0
DA:29,0
DA:33,0
DA:34,0
DA:36,0
DA:37,0
DA:39,0
DA:40,0
DA:41,0
DA:45,0
DA:46,0
DA:47,0
DA:51,0
DA:52,0
DA:55,0
DA:58,0
DA:60,0
DA:61,0
BRF:0
BRH:0
LF:33
LH:0
end_of_record
SF:/home/badinoff/projects/leadsnebula/rust/crates/api/src/middleware/hmac.rs
FN:33,_RNCNCNvNtNtCsdK057PofOfl_15leadsnebula_api10middleware4hmac28hmac_verification_middleware00B9_
FN:54,_RNCNCNvNtNtCsdK057PofOfl_15leadsnebula_api10middleware4hmac28hmac_verification_middleware0s1_0B9_
FN:55,_RNCNCNvNtNtCsdK057PofOfl_15leadsnebula_api10middleware4hmac28hmac_verification_middleware0s2_0B9_
FN:43,_RNCNCNvNtNtCsdK057PofOfl_15leadsnebula_api10middleware4hmac28hmac_verification_middleware0s_0B9_
FN:21,_RNCNvNtNtCsdK057PofOfl_15leadsnebula_api10middleware4hmac28hmac_verification_middleware0B7_
FN:16,_RNvNtNtCsdK057PofOfl_15leadsnebula_api10middleware4hmac28hmac_verification_middleware
FN:16,_RNvNtNtCseTbiQT207CU_15leadsnebula_api10middleware4hmac28hmac_verification_middleware
FN:33,_RNCNCNvNtNtCseTbiQT207CU_15leadsnebula_api10middleware4hmac28hmac_verification_middleware00B9_
FN:54,_RNCNCNvNtNtCseTbiQT207CU_15leadsnebula_api10middleware4hmac28hmac_verification_middleware0s1_0B9_
FN:55,_RNCNCNvNtNtCseTbiQT207CU_15leadsnebula_api10middleware4hmac28hmac_verification_middleware0s2_0B9_
FN:43,_RNCNCNvNtNtCseTbiQT207CU_15leadsnebula_api10middleware4hmac28hmac_verification_middleware0s_0B9_
FN:21,_RNCNvNtNtCseTbiQT207CU_15leadsnebula_api10middleware4hmac28hmac_verification_middleware0B7_
FNDA:0,_RNCNCNvNtNtCsdK057PofOfl_15leadsnebula_api10middleware4hmac28hmac_verification_middleware00B9_
FNDA:0,_RNCNCNvNtNtCsdK057PofOfl_15leadsnebula_api10middleware4hmac28hmac_verification_middleware0s1_0B9_
FNDA:0,_RNCNCNvNtNtCsdK057PofOfl_15leadsnebula_api10middleware4hmac28hmac_verification_middleware0s2_0B9_
FNDA:0,_RNCNCNvNtNtCsdK057PofOfl_15leadsnebula_api10middleware4hmac28hmac_verification_middleware0s_0B9_
FNDA:0,_RNCNvNtNtCsdK057PofOfl_15leadsnebula_api10middleware4hmac28hmac_verification_middleware0B7_
FNDA:0,_RNvNtNtCsdK057PofOfl_15leadsnebula_api10middleware4hmac28hmac_verification_middleware
FNDA:0,_RNvNtNtCseTbiQT207CU_15leadsnebula_api10middleware4hmac28hmac_verification_middleware
FNDA:0,_RNCNCNvNtNtCseTbiQT207CU_15leadsnebula_api10middleware4hmac28hmac_verification_middleware00B9_
FNDA:0,_RNCNCNvNtNtCseTbiQT207CU_15leadsnebula_api10middleware4hmac28hmac_verification_middleware0s1_0B9_
FNDA:0,_RNCNCNvNtNtCseTbiQT207CU_15leadsnebula_api10middleware4hmac28hmac_verification_middleware0s2_0B9_
FNDA:0,_RNCNCNvNtNtCseTbiQT207CU_15leadsnebula_api10middleware4hmac28hmac_verification_middleware0s_0B9_
FNDA:0,_RNCNvNtNtCseTbiQT207CU_15leadsnebula_api10middleware4hmac28hmac_verification_middleware0B7_
FNF:6
FNH:0
DA:16,0
DA:17,0
DA:18,0
DA:19,0
DA:20,0
DA:21,0
DA:23,0
DA:24,0
DA:25,0
DA:26,0
DA:27,0
DA:30,0
DA:31,0
DA:32,0
DA:33,0
DA:35,0
DA:36,0
DA:37,0
DA:38,0
DA:41,0
DA:42,0
DA:43,0
DA:46,0
DA:47,0
DA:48,0
DA:49,0
DA:53,0
DA:54,0
DA:55,0
DA:56,0
DA:57,0
DA:58,0
DA:61,0
DA:62,0
DA:63,0
DA:64,0
DA:71,0
DA:72,0
DA:73,0
DA:74,0
DA:77,0
DA:78,0
DA:79,0
DA:81,0
DA:82,0
DA:83,0
DA:84,0
DA:85,0
DA:86,0
DA:87,0
DA:88,0
DA:90,0
DA:91,0
DA:92,0
DA:95,0
DA:96,0
DA:97,0
DA:98,0
DA:100,0
DA:101,0
BRF:0
BRH:0
LF:66
LH:0
end_of_record
SF:/home/badinoff/projects/leadsnebula/rust/crates/api/src/middleware/jwt_auth.rs
FN:103,_RNCNCNCNvNtNtCsdK057PofOfl_15leadsnebula_api10middleware8jwt_auth19jwt_auth_middleware0s3_00Bb_
FN:140,_RNCNCNCNvNtNtCsdK057PofOfl_15leadsnebula_api10middleware8jwt_auth19jwt_auth_middleware0s5_00Bb_
FN:38,_RNCNCNvNtNtCsdK057PofOfl_15leadsnebula_api10middleware8jwt_auth19jwt_auth_middleware00B9_
FN:52,_RNCNCNvNtNtCsdK057PofOfl_15leadsnebula_api10middleware8jwt_auth19jwt_auth_middleware0s0_0B9_
FN:53,_RNCNCNvNtNtCsdK057PofOfl_15leadsnebula_api10middleware8jwt_auth19jwt_auth_middleware0s1_0B9_
FN:72,_RNCNCNvNtNtCsdK057PofOfl_15leadsnebula_api10middleware8jwt_auth19jwt_auth_middleware0s2_0B9_
FN:88,_RNCNCNvNtNtCsdK057PofOfl_15leadsnebula_api10middleware8jwt_auth19jwt_auth_middleware0s3_0B9_
FN:125,_RNCNCNvNtNtCsdK057PofOfl_15leadsnebula_api10middleware8jwt_auth19jwt_auth_middleware0s5_0B9_
FN:175,_RNCNCNvNtNtCsdK057PofOfl_15leadsnebula_api10middleware8jwt_auth19jwt_auth_middleware0s6_0B9_
FN:205,_RNCNCNvNtNtCsdK057PofOfl_15leadsnebula_api10middleware8jwt_auth19jwt_auth_middleware0s7_0B9_
FN:51,_RNCNCNvNtNtCsdK057PofOfl_15leadsnebula_api10middleware8jwt_auth19jwt_auth_middleware0s_0B9_
FN:21,_RNCNvNtNtCsdK057PofOfl_15leadsnebula_api10middleware8jwt_auth19jwt_auth_middleware0B7_
FN:16,_RNvNtNtCsdK057PofOfl_15leadsnebula_api10middleware8jwt_auth19jwt_auth_middleware
FN:16,_RNvNtNtCseTbiQT207CU_15leadsnebula_api10middleware8jwt_auth19jwt_auth_middleware
FN:103,_RNCNCNCNvNtNtCseTbiQT207CU_15leadsnebula_api10middleware8jwt_auth19jwt_auth_middleware0s3_00Bb_
FN:140,_RNCNCNCNvNtNtCseTbiQT207CU_15leadsnebula_api10middleware8jwt_auth19jwt_auth_middleware0s5_00Bb_
FN:38,_RNCNCNvNtNtCseTbiQT207CU_15leadsnebula_api10middleware8jwt_auth19jwt_auth_middleware00B9_
FN:52,_RNCNCNvNtNtCseTbiQT207CU_15leadsnebula_api10middleware8jwt_auth19jwt_auth_middleware0s0_0B9_
FN:53,_RNCNCNvNtNtCseTbiQT207CU_15leadsnebula_api10middleware8jwt_auth19jwt_auth_middleware0s1_0B9_
FN:72,_RNCNCNvNtNtCseTbiQT207CU_15leadsnebula_api10middleware8jwt_auth19jwt_auth_middleware0s2_0B9_
FN:88,_RNCNCNvNtNtCseTbiQT207CU_15leadsnebula_api10middleware8jwt_auth19jwt_auth_middleware0s3_0B9_
FN:125,_RNCNCNvNtNtCseTbiQT207CU_15leadsnebula_api10middleware8jwt_auth19jwt_auth_middleware0s5_0B9_
FN:175,_RNCNCNvNtNtCseTbiQT207CU_15leadsnebula_api10middleware8jwt_auth19jwt_auth_middleware0s6_0B9_
FN:205,_RNCNCNvNtNtCseTbiQT207CU_15leadsnebula_api10middleware8jwt_auth19jwt_auth_middleware0s7_0B9_
FN:51,_RNCNCNvNtNtCseTbiQT207CU_15leadsnebula_api10middleware8jwt_auth19jwt_auth_middleware0s_0B9_
FN:21,_RNCNvNtNtCseTbiQT207CU_15leadsnebula_api10middleware8jwt_auth19jwt_auth_middleware0B7_
FNDA:0,_RNCNCNCNvNtNtCsdK057PofOfl_15leadsnebula_api10middleware8jwt_auth19jwt_auth_middleware0s3_00Bb_
FNDA:0,_RNCNCNCNvNtNtCsdK057PofOfl_15leadsnebula_api10middleware8jwt_auth19jwt_auth_middleware0s5_00Bb_
FNDA:0,_RNCNCNvNtNtCsdK057PofOfl_15leadsnebula_api10middleware8jwt_auth19jwt_auth_middleware00B9_
FNDA:0,_RNCNCNvNtNtCsdK057PofOfl_15leadsnebula_api10middleware8jwt_auth19jwt_auth_middleware0s0_0B9_
FNDA:0,_RNCNCNvNtNtCsdK057PofOfl_15leadsnebula_api10middleware8jwt_auth19jwt_auth_middleware0s1_0B9_
FNDA:0,_RNCNCNvNtNtCsdK057PofOfl_15leadsnebula_api10middleware8jwt_auth19jwt_auth_middleware0s2_0B9_
FNDA:0,_RNCNCNvNtNtCsdK057PofOfl_15leadsnebula_api10middleware8jwt_auth19jwt_auth_middleware0s3_0B9_
FNDA:0,_RNCNCNvNtNtCsdK057PofOfl_15leadsnebula_api10middleware8jwt_auth19jwt_auth_middleware0s5_0B9_
FNDA:0,_RNCNCNvNtNtCsdK057PofOfl_15leadsnebula_api10middleware8jwt_auth19jwt_auth_middleware0s6_0B9_
FNDA:0,_RNCNCNvNtNtCsdK057PofOfl_15leadsnebula_api10middleware8jwt_auth19jwt_auth_middleware0s7_0B9_
FNDA:0,_RNCNCNvNtNtCsdK057PofOfl_15leadsnebula_api10middleware8jwt_auth19jwt_auth_middleware0s_0B9_
FNDA:0,_RNCNvNtNtCsdK057PofOfl_15leadsnebula_api10middleware8jwt_auth19jwt_auth_middleware0B7_
FNDA:0,_RNvNtNtCsdK057PofOfl_15leadsnebula_api10middleware8jwt_auth19jwt_auth_middleware
FNDA:0,_RNvNtNtCseTbiQT207CU_15leadsnebula_api10middleware8jwt_auth19jwt_auth_middleware
FNDA:0,_RNCNCNCNvNtNtCseTbiQT207CU_15leadsnebula_api10middleware8jwt_auth19jwt_auth_middleware0s3_00Bb_
FNDA:0,_RNCNCNCNvNtNtCseTbiQT207CU_15leadsnebula_api10middleware8jwt_auth19jwt_auth_middleware0s5_00Bb_
FNDA:0,_RNCNCNvNtNtCseTbiQT207CU_15leadsnebula_api10middleware8jwt_auth19jwt_auth_middleware00B9_
FNDA:0,_RNCNCNvNtNtCseTbiQT207CU_15leadsnebula_api10middleware8jwt_auth19jwt_auth_middleware0s0_0B9_
FNDA:0,_RNCNCNvNtNtCseTbiQT207CU_15leadsnebula_api10middleware8jwt_auth19jwt_auth_middleware0s1_0B9_
FNDA:0,_RNCNCNvNtNtCseTbiQT207CU_15leadsnebula_api10middleware8jwt_auth19jwt_auth_middleware0s2_0B9_
FNDA:0,_RNCNCNvNtNtCseTbiQT207CU_15leadsnebula_api10middleware8jwt_auth19jwt_auth_middleware0s3_0B9_
FNDA:0,_RNCNCNvNtNtCseTbiQT207CU_15leadsnebula_api10middleware8jwt_auth19jwt_auth_middleware0s5_0B9_
FNDA:0,_RNCNCNvNtNtCseTbiQT207CU_15leadsnebula_api10middleware8jwt_auth19jwt_auth_middleware0s6_0B9_
FNDA:0,_RNCNCNvNtNtCseTbiQT207CU_15leadsnebula_api10middleware8jwt_auth19jwt_auth_middleware0s7_0B9_
FNDA:0,_RNCNCNvNtNtCseTbiQT207CU_15leadsnebula_api10middleware8jwt_auth19jwt_auth_middleware0s_0B9_
FNDA:0,_RNCNvNtNtCseTbiQT207CU_15leadsnebula_api10middleware8jwt_auth19jwt_auth_middleware0B7_
FNF:13
FNH:0
DA:16,0
DA:17,0
DA:18,0
DA:19,0
DA:20,0
DA:21,0
DA:23,0
DA:24,0
DA:25,0
DA:26,0
DA:27,0
DA:28,0
DA:29,0
DA:30,0
DA:31,0
DA:32,0
DA:34,0
DA:35,0
DA:36,0
DA:37,0
DA:38,0
DA:40,0
DA:41,0
DA:42,0
DA:43,0
DA:45,0
DA:49,0
DA:50,0
DA:51,0
DA:52,0
DA:53,0
DA:55,0
DA:56,0
DA:59,0
DA:60,0
DA:61,0
DA:62,0
DA:63,0
DA:64,0
DA:65,0
DA:66,0
DA:68,0
DA:69,0
DA:70,0
DA:71,0
DA:72,0
DA:74,0
DA:75,0
DA:76,0
DA:77,0
DA:79,0
DA:81,0
DA:82,0
DA:87,0
DA:88,0
DA:90,0
DA:91,0
DA:92,0
DA:93,0
DA:94,0
DA:95,0
DA:96,0
DA:97,0
DA:99,0
DA:100,0
DA:101,0
DA:102,0
DA:103,0
DA:105,0
DA:106,0
DA:107,0
DA:108,0
DA:110,0
DA:112,0
DA:113,0
DA:114,0
DA:119,0
DA:120,0
DA:122,0
DA:123,0
DA:124,0
DA:125,0
DA:127,0
DA:128,0
DA:129,0
DA:130,0
DA:131,0
DA:132,0
DA:133,0
DA:134,0
DA:136,0
DA:137,0
DA:138,0
DA:139,0
DA:140,0
DA:142,0
DA:143,0
DA:144,0
DA:145,0
DA:147,0
DA:149,0
DA:150,0
DA:151,0
DA:152,0
DA:155,0
DA:156,0
DA:157,0
DA:158,0
DA:161,0
DA:162,0
DA:163,0
DA:164,0
DA:165,0
DA:166,0
DA:167,0
DA:168,0
DA:169,0
DA:171,0
DA:172,0
DA:173,0
DA:174,0
DA:175,0
DA:177,0
DA:178,0
DA:179,0
DA:180,0
DA:182,0
DA:186,0
DA:188,0
DA:191,0
DA:192,0
DA:193,0
DA:194,0
DA:195,0
DA:196,0
DA:197,0
DA:198,0
DA:199,0
DA:201,0
DA:202,0
DA:203,0
DA:204,0
DA:205,0
DA:207,0
DA:208,0
DA:209,0
DA:210,0
DA:212,0
DA:215,0
DA:216,0
BRF:0
BRH:0
LF:164
LH:0
end_of_record
SF:/home/badinoff/projects/leadsnebula/rust/crates/api/src/routes/auth.rs
FN:267,_RNCNCNvNtNtCsdK057PofOfl_15leadsnebula_api6routes4auth16verify_otp_login00B9_
FN:276,_RNCNCNvNtNtCsdK057PofOfl_15leadsnebula_api6routes4auth16verify_otp_login0s0_0B9_
FN:282,_RNCNCNvNtNtCsdK057PofOfl_15leadsnebula_api6routes4auth16verify_otp_login0s1_0B9_
FN:301,_RNCNCNvNtNtCsdK057PofOfl_15leadsnebula_api6routes4auth16verify_otp_login0s2_0B9_
FN:313,_RNCNCNvNtNtCsdK057PofOfl_15leadsnebula_api6routes4auth16verify_otp_login0s3_0B9_
FN:317,_RNCNCNvNtNtCsdK057PofOfl_15leadsnebula_api6routes4auth16verify_otp_login0s4_0B9_
FN:329,_RNCNCNvNtNtCsdK057PofOfl_15leadsnebula_api6routes4auth16verify_otp_login0s5_0B9_
FN:355,_RNCNCNvNtNtCsdK057PofOfl_15leadsnebula_api6routes4auth16verify_otp_login0s6_0B9_
FN:359,_RNCNCNvNtNtCsdK057PofOfl_15leadsnebula_api6routes4auth16verify_otp_login0s7_0B9_
FN:367,_RNCNCNvNtNtCsdK057PofOfl_15leadsnebula_api6routes4auth16verify_otp_login0s8_0B9_
FN:385,_RNCNCNvNtNtCsdK057PofOfl_15leadsnebula_api6routes4auth16verify_otp_login0s9_0B9_
FN:275,_RNCNCNvNtNtCsdK057PofOfl_15leadsnebula_api6routes4auth16verify_otp_login0s_0B9_
FN:400,_RNCNCNvNtNtCsdK057PofOfl_15leadsnebula_api6routes4auth16verify_otp_login0sb_0B9_
FN:411,_RNCNCNvNtNtCsdK057PofOfl_15leadsnebula_api6routes4auth16verify_otp_login0sc_0B9_
FN:70,_RNCNCNvNtNtCsdK057PofOfl_15leadsnebula_api6routes4auth5login00B9_
FN:198,_RNCNCNvNtNtCsdK057PofOfl_15leadsnebula_api6routes4auth5login0s0_0B9_
FN:169,_RNCNCNvNtNtCsdK057PofOfl_15leadsnebula_api6routes4auth5login0s_0B9_
FN:245,_RNCNvNtNtCsdK057PofOfl_15leadsnebula_api6routes4auth16verify_otp_login0B7_
FN:58,_RNCNvNtNtCsdK057PofOfl_15leadsnebula_api6routes4auth5login0B7_
FN:49,_RNvNtNtCsdK057PofOfl_15leadsnebula_api6routes4auth11auth_routes
FN:242,_RNvNtNtCsdK057PofOfl_15leadsnebula_api6routes4auth16verify_otp_login
FN:55,_RNvNtNtCsdK057PofOfl_15leadsnebula_api6routes4auth5login
FN:267,_RNCNCNvNtNtCseTbiQT207CU_15leadsnebula_api6routes4auth16verify_otp_login00B9_
FN:276,_RNCNCNvNtNtCseTbiQT207CU_15leadsnebula_api6routes4auth16verify_otp_login0s0_0B9_
FN:282,_RNCNCNvNtNtCseTbiQT207CU_15leadsnebula_api6routes4auth16verify_otp_login0s1_0B9_
FN:301,_RNCNCNvNtNtCseTbiQT207CU_15leadsnebula_api6routes4auth16verify_otp_login0s2_0B9_
FN:313,_RNCNCNvNtNtCseTbiQT207CU_15leadsnebula_api6routes4auth16verify_otp_login0s3_0B9_
FN:317,_RNCNCNvNtNtCseTbiQT207CU_15leadsnebula_api6routes4auth16verify_otp_login0s4_0B9_
FN:329,_RNCNCNvNtNtCseTbiQT207CU_15leadsnebula_api6routes4auth16verify_otp_login0s5_0B9_
FN:355,_RNCNCNvNtNtCseTbiQT207CU_15leadsnebula_api6routes4auth16verify_otp_login0s6_0B9_
FN:359,_RNCNCNvNtNtCseTbiQT207CU_15leadsnebula_api6routes4auth16verify_otp_login0s7_0B9_
FN:367,_RNCNCNvNtNtCseTbiQT207CU_15leadsnebula_api6routes4auth16verify_otp_login0s8_0B9_
FN:385,_RNCNCNvNtNtCseTbiQT207CU_15leadsnebula_api6routes4auth16verify_otp_login0s9_0B9_
FN:275,_RNCNCNvNtNtCseTbiQT207CU_15leadsnebula_api6routes4auth16verify_otp_login0s_0B9_
FN:400,_RNCNCNvNtNtCseTbiQT207CU_15leadsnebula_api6routes4auth16verify_otp_login0sb_0B9_
FN:411,_RNCNCNvNtNtCseTbiQT207CU_15leadsnebula_api6routes4auth16verify_otp_login0sc_0B9_
FN:70,_RNCNCNvNtNtCseTbiQT207CU_15leadsnebula_api6routes4auth5login00B9_
FN:198,_RNCNCNvNtNtCseTbiQT207CU_15leadsnebula_api6routes4auth5login0s0_0B9_
FN:169,_RNCNCNvNtNtCseTbiQT207CU_15leadsnebula_api6routes4auth5login0s_0B9_
FN:245,_RNCNvNtNtCseTbiQT207CU_15leadsnebula_api6routes4auth16verify_otp_login0B7_
FN:58,_RNCNvNtNtCseTbiQT207CU_15leadsnebula_api6routes4auth5login0B7_
FN:49,_RNvNtNtCseTbiQT207CU_15leadsnebula_api6routes4auth11auth_routes
FN:242,_RNvNtNtCseTbiQT207CU_15leadsnebula_api6routes4auth16verify_otp_login
FN:55,_RNvNtNtCseTbiQT207CU_15leadsnebula_api6routes4auth5login
FNDA:0,_RNCNCNvNtNtCsdK057PofOfl_15leadsnebula_api6routes4auth16verify_otp_login00B9_
FNDA:0,_RNCNCNvNtNtCsdK057PofOfl_15leadsnebula_api6routes4auth16verify_otp_login0s0_0B9_
FNDA:0,_RNCNCNvNtNtCsdK057PofOfl_15leadsnebula_api6routes4auth16verify_otp_login0s1_0B9_
FNDA:0,_RNCNCNvNtNtCsdK057PofOfl_15leadsnebula_api6routes4auth16verify_otp_login0s2_0B9_
FNDA:0,_RNCNCNvNtNtCsdK057PofOfl_15leadsnebula_api6routes4auth16verify_otp_login0s3_0B9_
FNDA:0,_RNCNCNvNtNtCsdK057PofOfl_15leadsnebula_api6routes4auth16verify_otp_login0s4_0B9_
FNDA:0,_RNCNCNvNtNtCsdK057PofOfl_15leadsnebula_api6routes4auth16verify_otp_login0s5_0B9_
FNDA:0,_RNCNCNvNtNtCsdK057PofOfl_15leadsnebula_api6routes4auth16verify_otp_login0s6_0B9_
FNDA:0,_RNCNCNvNtNtCsdK057PofOfl_15leadsnebula_api6routes4auth16verify_otp_login0s7_0B9_
FNDA:0,_RNCNCNvNtNtCsdK057PofOfl_15leadsnebula_api6routes4auth16verify_otp_login0s8_0B9_
FNDA:0,_RNCNCNvNtNtCsdK057PofOfl_15leadsnebula_api6routes4auth16verify_otp_login0s9_0B9_
FNDA:0,_RNCNCNvNtNtCsdK057PofOfl_15leadsnebula_api6routes4auth16verify_otp_login0s_0B9_
FNDA:0,_RNCNCNvNtNtCsdK057PofOfl_15leadsnebula_api6routes4auth16verify_otp_login0sb_0B9_
FNDA:0,_RNCNCNvNtNtCsdK057PofOfl_15leadsnebula_api6routes4auth16verify_otp_login0sc_0B9_
FNDA:0,_RNCNCNvNtNtCsdK057PofOfl_15leadsnebula_api6routes4auth5login00B9_
FNDA:0,_RNCNCNvNtNtCsdK057PofOfl_15leadsnebula_api6routes4auth5login0s0_0B9_
FNDA:0,_RNCNCNvNtNtCsdK057PofOfl_15leadsnebula_api6routes4auth5login0s_0B9_
FNDA:0,_RNCNvNtNtCsdK057PofOfl_15leadsnebula_api6routes4auth16verify_otp_login0B7_
FNDA:0,_RNCNvNtNtCsdK057PofOfl_15leadsnebula_api6routes4auth5login0B7_
FNDA:0,_RNvNtNtCsdK057PofOfl_15leadsnebula_api6routes4auth11auth_routes
FNDA:0,_RNvNtNtCsdK057PofOfl_15leadsnebula_api6routes4auth16verify_otp_login
FNDA:0,_RNvNtNtCsdK057PofOfl_15leadsnebula_api6routes4auth5login
FNDA:0,_RNCNCNvNtNtCseTbiQT207CU_15leadsnebula_api6routes4auth16verify_otp_login00B9_
FNDA:0,_RNCNCNvNtNtCseTbiQT207CU_15leadsnebula_api6routes4auth16verify_otp_login0s0_0B9_
FNDA:0,_RNCNCNvNtNtCseTbiQT207CU_15leadsnebula_api6routes4auth16verify_otp_login0s1_0B9_
FNDA:0,_RNCNCNvNtNtCseTbiQT207CU_15leadsnebula_api6routes4auth16verify_otp_login0s2_0B9_
FNDA:0,_RNCNCNvNtNtCseTbiQT207CU_15leadsnebula_api6routes4auth16verify_otp_login0s3_0B9_
FNDA:0,_RNCNCNvNtNtCseTbiQT207CU_15leadsnebula_api6routes4auth16verify_otp_login0s4_0B9_
FNDA:0,_RNCNCNvNtNtCseTbiQT207CU_15leadsnebula_api6routes4auth16verify_otp_login0s5_0B9_
FNDA:0,_RNCNCNvNtNtCseTbiQT207CU_15leadsnebula_api6routes4auth16verify_otp_login0s6_0B9_
FNDA:0,_RNCNCNvNtNtCseTbiQT207CU_15leadsnebula_api6routes4auth16verify_otp_login0s7_0B9_
FNDA:0,_RNCNCNvNtNtCseTbiQT207CU_15leadsnebula_api6routes4auth16verify_otp_login0s8_0B9_
FNDA:0,_RNCNCNvNtNtCseTbiQT207CU_15leadsnebula_api6routes4auth16verify_otp_login0s9_0B9_
FNDA:0,_RNCNCNvNtNtCseTbiQT207CU_15leadsnebula_api6routes4auth16verify_otp_login0s_0B9_
FNDA:0,_RNCNCNvNtNtCseTbiQT207CU_15leadsnebula_api6routes4auth16verify_otp_login0sb_0B9_
FNDA:0,_RNCNCNvNtNtCseTbiQT207CU_15leadsnebula_api6routes4auth16verify_otp_login0sc_0B9_
FNDA:0,_RNCNCNvNtNtCseTbiQT207CU_15leadsnebula_api6routes4auth5login00B9_
FNDA:0,_RNCNCNvNtNtCseTbiQT207CU_15leadsnebula_api6routes4auth5login0s0_0B9_
FNDA:0,_RNCNCNvNtNtCseTbiQT207CU_15leadsnebula_api6routes4auth5login0s_0B9_
FNDA:0,_RNCNvNtNtCseTbiQT207CU_15leadsnebula_api6routes4auth16verify_otp_login0B7_
FNDA:0,_RNCNvNtNtCseTbiQT207CU_15leadsnebula_api6routes4auth5login0B7_
FNDA:0,_RNvNtNtCseTbiQT207CU_15leadsnebula_api6routes4auth11auth_routes
FNDA:0,_RNvNtNtCseTbiQT207CU_15leadsnebula_api6routes4auth16verify_otp_login
FNDA:0,_RNvNtNtCseTbiQT207CU_15leadsnebula_api6routes4auth5login
FNF:22
FNH:0
DA:49,0
DA:50,0
DA:51,0
DA:52,0
DA:53,0
DA:55,0
DA:56,0
DA:57,0
DA:58,0
DA:61,0
DA:64,0
DA:65,0
DA:66,0
DA:67,0
DA:68,0
DA:69,0
DA:70,0
DA:71,0
DA:72,0
DA:73,0
DA:75,0
DA:76,0
DA:77,0
DA:78,0
DA:82,0
DA:84,0
DA:87,0
DA:88,0
DA:89,0
DA:90,0
DA:91,0
DA:92,0
DA:93,0
DA:94,0
DA:95,0
DA:96,0
DA:101,0
DA:102,0
DA:103,0
DA:104,0
DA:105,0
DA:106,0
DA:107,0
DA:108,0
DA:109,0
DA:110,0
DA:111,0
DA:112,0
DA:115,0
DA:116,0
DA:117,0
DA:120,0
DA:121,0
DA:122,0
DA:123,0
DA:124,0
DA:125,0
DA:126,0
DA:127,0
DA:128,0
DA:129,0
DA:132,0
DA:133,0
DA:134,0
DA:135,0
DA:138,0
DA:139,0
DA:140,0
DA:141,0
DA:143,0
DA:144,0
DA:145,0
DA:149,0
DA:150,0
DA:151,0
DA:152,0
DA:153,0
DA:154,0
DA:155,0
DA:156,0
DA:157,0
DA:158,0
DA:159,0
DA:160,0
DA:163,0
DA:164,0
DA:165,0
DA:166,0
DA:167,0
DA:168,0
DA:169,0
DA:170,0
DA:171,0
DA:172,0
DA:173,0
DA:175,0
DA:178,0
DA:179,0
DA:180,0
DA:181,0
DA:182,0
DA:185,0
DA:186,0
DA:187,0
DA:188,0
DA:189,0
DA:190,0
DA:193,0
DA:194,0
DA:195,0
DA:196,0
DA:198,0
DA:199,0
DA:200,0
DA:201,0
DA:203,0
DA:204,0
DA:207,0
DA:208,0
DA:209,0
DA:210,0
DA:211,0
DA:212,0
DA:213,0
DA:214,0
DA:215,0
DA:216,0
DA:218,0
DA:221,0
DA:222,0
DA:223,0
DA:224,0
DA:226,0
DA:227,0
DA:228,0
DA:229,0
DA:230,0
DA:231,0
DA:232,0
DA:233,0
DA:234,0
DA:235,0
DA:236,0
DA:237,0
DA:238,0
DA:239,0
DA:240,0
DA:242,0
DA:243,0
DA:244,0
DA:245,0
DA:249,0
DA:250,0
DA:251,0
DA:252,0
DA:253,0
DA:254,0
DA:255,0
DA:256,0
DA:257,0
DA:258,0
DA:259,0
DA:262,0
DA:263,0
DA:264,0
DA:265,0
DA:267,0
DA:268,0
DA:269,0
DA:270,0
DA:272,0
DA:273,0
DA:274,0
DA:275,0
DA:276,0
DA:277,0
DA:278,0
DA:279,0
DA:282,0
DA:284,0
DA:285,0
DA:286,0
DA:287,0
DA:288,0
DA:289,0
DA:290,0
DA:291,0
DA:292,0
DA:293,0
DA:294,0
DA:295,0
DA:296,0
DA:297,0
DA:298,0
DA:299,0
DA:301,0
DA:302,0
DA:303,0
DA:304,0
DA:307,0
DA:308,0
DA:309,0
DA:310,0
DA:311,0
DA:312,0
DA:313,0
DA:314,0
DA:315,0
DA:316,0
DA:317,0
DA:318,0
DA:319,0
DA:320,0
DA:323,0
DA:324,0
DA:325,0
DA:326,0
DA:327,0
DA:328,0
DA:329,0
DA:330,0
DA:331,0
DA:332,0
DA:333,0
DA:335,0
DA:336,0
DA:337,0
DA:338,0
DA:339,0
DA:340,0
DA:341,0
DA:342,0
DA:343,0
DA:344,0
DA:345,0
DA:349,0
DA:350,0
DA:351,0
DA:352,0
DA:353,0
DA:354,0
DA:355,0
DA:356,0
DA:357,0
DA:358,0
DA:359,0
DA:360,0
DA:361,0
DA:362,0
DA:364,0
DA:365,0
DA:367,0
DA:368,0
DA:369,0
DA:370,0
DA:372,0
DA:375,0
DA:377,0
DA:378,0
DA:379,0
DA:382,0
DA:383,0
DA:384,0
DA:385,0
DA:388,0
DA:389,0
DA:390,0
DA:393,0
DA:394,0
DA:395,0
DA:396,0
DA:397,0
DA:398,0
DA:399,0
DA:400,0
DA:401,0
DA:402,0
DA:403,0
DA:405,0
DA:406,0
DA:407,0
DA:408,0
DA:409,0
DA:411,0
DA:412,0
DA:413,0
DA:414,0
DA:416,0
DA:417,0
DA:418,0
DA:419,0
DA:420,0
DA:422,0
DA:423,0
DA:424,0
DA:425,0
DA:426,0
DA:427,0
DA:428,0
DA:429,0
DA:430,0
DA:431,0
DA:432,0
DA:433,0
DA:436,0
DA:439,0
DA:440,0
DA:441,0
DA:442,0
DA:444,0
DA:445,0
DA:446,0
DA:447,0
DA:448,0
DA:449,0
DA:450,0
DA:451,0
DA:452,0
DA:453,0
DA:454,0
DA:455,0
DA:456,0
DA:457,0
DA:458,0
BRF:0
BRH:0
LF:357
LH:0
end_of_record
SF:/home/badinoff/projects/leadsnebula/rust/crates/api/src/routes/carina.rs
FN:475,_RNCNCNvNtNtCsdK057PofOfl_15leadsnebula_api6routes6carina11create_lead00B9_
FN:502,_RNCNCNvNtNtCsdK057PofOfl_15leadsnebula_api6routes6carina11create_lead0s0_0B9_
FN:586,_RNCNCNvNtNtCsdK057PofOfl_15leadsnebula_api6routes6carina11create_lead0s1_0B9_
FN:845,_RNCNCNvNtNtCsdK057PofOfl_15leadsnebula_api6routes6carina11create_lead0s2_0B9_
FN:957,_RNCNCNvNtNtCsdK057PofOfl_15leadsnebula_api6routes6carina11create_lead0s3_0B9_
FN:971,_RNCNCNvNtNtCsdK057PofOfl_15leadsnebula_api6routes6carina11create_lead0s4_0B9_
FN:1214,_RNCNCNvNtNtCsdK057PofOfl_15leadsnebula_api6routes6carina11create_lead0s5_0B9_
FN:1246,_RNCNCNvNtNtCsdK057PofOfl_15leadsnebula_api6routes6carina11create_lead0s6_0B9_
FN:1269,_RNCNCNvNtNtCsdK057PofOfl_15leadsnebula_api6routes6carina11create_lead0s7_0B9_
FN:497,_RNCNCNvNtNtCsdK057PofOfl_15leadsnebula_api6routes6carina11create_lead0s_0B9_
FN:446,_RNCNCNvNtNtCsdK057PofOfl_15leadsnebula_api6routes6carina11create_lead0sb_0B9_
FN:459,_RNCNCNvNtNtCsdK057PofOfl_15leadsnebula_api6routes6carina11create_lead0sc_0B9_
FN:509,_RNCNCNvNtNtCsdK057PofOfl_15leadsnebula_api6routes6carina11create_lead0se_0B9_
FN:510,_RNCNCNvNtNtCsdK057PofOfl_15leadsnebula_api6routes6carina11create_lead0sf_0B9_
FN:663,_RNCNCNvNtNtCsdK057PofOfl_15leadsnebula_api6routes6carina11create_lead0sg_0B9_
FN:665,_RNCNCNvNtNtCsdK057PofOfl_15leadsnebula_api6routes6carina11create_lead0sh_0B9_
FN:1141,_RNCNCNvNtNtCsdK057PofOfl_15leadsnebula_api6routes6carina11create_lead0st_0B9_
FN:1143,_RNCNCNvNtNtCsdK057PofOfl_15leadsnebula_api6routes6carina11create_lead0su_0B9_
FN:1158,_RNCNCNvNtNtCsdK057PofOfl_15leadsnebula_api6routes6carina11create_lead0sv_0B9_
FN:1159,_RNCNCNvNtNtCsdK057PofOfl_15leadsnebula_api6routes6carina11create_lead0sw_0B9_
FN:1276,_RNCNCNvNtNtCsdK057PofOfl_15leadsnebula_api6routes6carina11create_lead0sx_0B9_
FN:1277,_RNCNCNvNtNtCsdK057PofOfl_15leadsnebula_api6routes6carina11create_lead0sy_0B9_
FN:1074,_RNCNvNCNvNtNtCsdK057PofOfl_15leadsnebula_api6routes6carina11create_lead06round20Bb_
FN:156,_RNCNvNtNtCsdK057PofOfl_15leadsnebula_api6routes6carina11create_lead0B7_
FN:1073,_RNvNCNvNtNtCsdK057PofOfl_15leadsnebula_api6routes6carina11create_lead06round2
FN:152,_RNvNtNtCsdK057PofOfl_15leadsnebula_api6routes6carina11create_lead
FN:148,_RNvNtNtCsdK057PofOfl_15leadsnebula_api6routes6carina13carina_routes
FN:21,_RNvNtNtCsdK057PofOfl_15leadsnebula_api6routes6carina17map_error_to_user
FN:475,_RNCNCNvNtNtCseTbiQT207CU_15leadsnebula_api6routes6carina11create_lead00B9_
FN:502,_RNCNCNvNtNtCseTbiQT207CU_15leadsnebula_api6routes6carina11create_lead0s0_0B9_
FN:586,_RNCNCNvNtNtCseTbiQT207CU_15leadsnebula_api6routes6carina11create_lead0s1_0B9_
FN:845,_RNCNCNvNtNtCseTbiQT207CU_15leadsnebula_api6routes6carina11create_lead0s2_0B9_
FN:957,_RNCNCNvNtNtCseTbiQT207CU_15leadsnebula_api6routes6carina11create_lead0s3_0B9_
FN:971,_RNCNCNvNtNtCseTbiQT207CU_15leadsnebula_api6routes6carina11create_lead0s4_0B9_
FN:1214,_RNCNCNvNtNtCseTbiQT207CU_15leadsnebula_api6routes6carina11create_lead0s5_0B9_
FN:1246,_RNCNCNvNtNtCseTbiQT207CU_15leadsnebula_api6routes6carina11create_lead0s6_0B9_
FN:1269,_RNCNCNvNtNtCseTbiQT207CU_15leadsnebula_api6routes6carina11create_lead0s7_0B9_
FN:497,_RNCNCNvNtNtCseTbiQT207CU_15leadsnebula_api6routes6carina11create_lead0s_0B9_
FN:446,_RNCNCNvNtNtCseTbiQT207CU_15leadsnebula_api6routes6carina11create_lead0sb_0B9_
FN:459,_RNCNCNvNtNtCseTbiQT207CU_15leadsnebula_api6routes6carina11create_lead0sc_0B9_
FN:509,_RNCNCNvNtNtCseTbiQT207CU_15leadsnebula_api6routes6carina11create_lead0se_0B9_
FN:510,_RNCNCNvNtNtCseTbiQT207CU_15leadsnebula_api6routes6carina11create_lead0sf_0B9_
FN:663,_RNCNCNvNtNtCseTbiQT207CU_15leadsnebula_api6routes6carina11create_lead0sg_0B9_
FN:665,_RNCNCNvNtNtCseTbiQT207CU_15leadsnebula_api6routes6carina11create_lead0sh_0B9_
FN:1141,_RNCNCNvNtNtCseTbiQT207CU_15leadsnebula_api6routes6carina11create_lead0st_0B9_
FN:1143,_RNCNCNvNtNtCseTbiQT207CU_15leadsnebula_api6routes6carina11create_lead0su_0B9_
FN:1158,_RNCNCNvNtNtCseTbiQT207CU_15leadsnebula_api6routes6carina11create_lead0sv_0B9_
FN:1159,_RNCNCNvNtNtCseTbiQT207CU_15leadsnebula_api6routes6carina11create_lead0sw_0B9_
FN:1276,_RNCNCNvNtNtCseTbiQT207CU_15leadsnebula_api6routes6carina11create_lead0sx_0B9_
FN:1277,_RNCNCNvNtNtCseTbiQT207CU_15leadsnebula_api6routes6carina11create_lead0sy_0B9_
FN:1074,_RNCNvNCNvNtNtCseTbiQT207CU_15leadsnebula_api6routes6carina11create_lead06round20Bb_
FN:156,_RNCNvNtNtCseTbiQT207CU_15leadsnebula_api6routes6carina11create_lead0B7_
FN:1073,_RNvNCNvNtNtCseTbiQT207CU_15leadsnebula_api6routes6carina11create_lead06round2
FN:152,_RNvNtNtCseTbiQT207CU_15leadsnebula_api6routes6carina11create_lead
FN:148,_RNvNtNtCseTbiQT207CU_15leadsnebula_api6routes6carina13carina_routes
FN:21,_RNvNtNtCseTbiQT207CU_15leadsnebula_api6routes6carina17map_error_to_user
FNDA:0,_RNCNCNvNtNtCsdK057PofOfl_15leadsnebula_api6routes6carina11create_lead00B9_
FNDA:0,_RNCNCNvNtNtCsdK057PofOfl_15leadsnebula_api6routes6carina11create_lead0s0_0B9_
FNDA:0,_RNCNCNvNtNtCsdK057PofOfl_15leadsnebula_api6routes6carina11create_lead0s1_0B9_
FNDA:0,_RNCNCNvNtNtCsdK057PofOfl_15leadsnebula_api6routes6carina11create_lead0s2_0B9_
FNDA:0,_RNCNCNvNtNtCsdK057PofOfl_15leadsnebula_api6routes6carina11create_lead0s3_0B9_
FNDA:0,_RNCNCNvNtNtCsdK057PofOfl_15leadsnebula_api6routes6carina11create_lead0s4_0B9_
FNDA:0,_RNCNCNvNtNtCsdK057PofOfl_15leadsnebula_api6routes6carina11create_lead0s5_0B9_
FNDA:0,_RNCNCNvNtNtCsdK057PofOfl_15leadsnebula_api6routes6carina11create_lead0s6_0B9_
FNDA:0,_RNCNCNvNtNtCsdK057PofOfl_15leadsnebula_api6routes6carina11create_lead0s7_0B9_
FNDA:0,_RNCNCNvNtNtCsdK057PofOfl_15leadsnebula_api6routes6carina11create_lead0s_0B9_
FNDA:0,_RNCNCNvNtNtCsdK057PofOfl_15leadsnebula_api6routes6carina11create_lead0sb_0B9_
FNDA:0,_RNCNCNvNtNtCsdK057PofOfl_15leadsnebula_api6routes6carina11create_lead0sc_0B9_
FNDA:0,_RNCNCNvNtNtCsdK057PofOfl_15leadsnebula_api6routes6carina11create_lead0se_0B9_
FNDA:0,_RNCNCNvNtNtCsdK057PofOfl_15leadsnebula_api6routes6carina11create_lead0sf_0B9_
FNDA:0,_RNCNCNvNtNtCsdK057PofOfl_15leadsnebula_api6routes6carina11create_lead0sg_0B9_
FNDA:0,_RNCNCNvNtNtCsdK057PofOfl_15leadsnebula_api6routes6carina11create_lead0sh_0B9_
FNDA:0,_RNCNCNvNtNtCsdK057PofOfl_15leadsnebula_api6routes6carina11create_lead0st_0B9_
FNDA:0,_RNCNCNvNtNtCsdK057PofOfl_15leadsnebula_api6routes6carina11create_lead0su_0B9_
FNDA:0,_RNCNCNvNtNtCsdK057PofOfl_15leadsnebula_api6routes6carina11create_lead0sv_0B9_
FNDA:0,_RNCNCNvNtNtCsdK057PofOfl_15leadsnebula_api6routes6carina11create_lead0sw_0B9_
FNDA:0,_RNCNCNvNtNtCsdK057PofOfl_15leadsnebula_api6routes6carina11create_lead0sx_0B9_
FNDA:0,_RNCNCNvNtNtCsdK057PofOfl_15leadsnebula_api6routes6carina11create_lead0sy_0B9_
FNDA:0,_RNCNvNCNvNtNtCsdK057PofOfl_15leadsnebula_api6routes6carina11create_lead06round20Bb_
FNDA:0,_RNCNvNtNtCsdK057PofOfl_15leadsnebula_api6routes6carina11create_lead0B7_
FNDA:0,_RNvNCNvNtNtCsdK057PofOfl_15leadsnebula_api6routes6carina11create_lead06round2
FNDA:0,_RNvNtNtCsdK057PofOfl_15leadsnebula_api6routes6carina11create_lead
FNDA:0,_RNvNtNtCsdK057PofOfl_15leadsnebula_api6routes6carina13carina_routes
FNDA:0,_RNvNtNtCsdK057PofOfl_15leadsnebula_api6routes6carina17map_error_to_user
FNDA:0,_RNCNCNvNtNtCseTbiQT207CU_15leadsnebula_api6routes6carina11create_lead00B9_
FNDA:0,_RNCNCNvNtNtCseTbiQT207CU_15leadsnebula_api6routes6carina11create_lead0s0_0B9_
FNDA:0,_RNCNCNvNtNtCseTbiQT207CU_15leadsnebula_api6routes6carina11create_lead0s1_0B9_
FNDA:0,_RNCNCNvNtNtCseTbiQT207CU_15leadsnebula_api6routes6carina11create_lead0s2_0B9_
FNDA:0,_RNCNCNvNtNtCseTbiQT207CU_15leadsnebula_api6routes6carina11create_lead0s3_0B9_
FNDA:0,_RNCNCNvNtNtCseTbiQT207CU_15leadsnebula_api6routes6carina11create_lead0s4_0B9_
FNDA:0,_RNCNCNvNtNtCseTbiQT207CU_15leadsnebula_api6routes6carina11create_lead0s5_0B9_
FNDA:0,_RNCNCNvNtNtCseTbiQT207CU_15leadsnebula_api6routes6carina11create_lead0s6_0B9_
FNDA:0,_RNCNCNvNtNtCseTbiQT207CU_15leadsnebula_api6routes6carina11create_lead0s7_0B9_
FNDA:0,_RNCNCNvNtNtCseTbiQT207CU_15leadsnebula_api6routes6carina11create_lead0s_0B9_
FNDA:0,_RNCNCNvNtNtCseTbiQT207CU_15leadsnebula_api6routes6carina11create_lead0sb_0B9_
FNDA:0,_RNCNCNvNtNtCseTbiQT207CU_15leadsnebula_api6routes6carina11create_lead0sc_0B9_
FNDA:0,_RNCNCNvNtNtCseTbiQT207CU_15leadsnebula_api6routes6carina11create_lead0se_0B9_
FNDA:0,_RNCNCNvNtNtCseTbiQT207CU_15leadsnebula_api6routes6carina11create_lead0sf_0B9_
FNDA:0,_RNCNCNvNtNtCseTbiQT207CU_15leadsnebula_api6routes6carina11create_lead0sg_0B9_
FNDA:0,_RNCNCNvNtNtCseTbiQT207CU_15leadsnebula_api6routes6carina11create_lead0sh_0B9_
FNDA:0,_RNCNCNvNtNtCseTbiQT207CU_15leadsnebula_api6routes6carina11create_lead0st_0B9_
FNDA:0,_RNCNCNvNtNtCseTbiQT207CU_15leadsnebula_api6routes6carina11create_lead0su_0B9_
FNDA:0,_RNCNCNvNtNtCseTbiQT207CU_15leadsnebula_api6routes6carina11create_lead0sv_0B9_
FNDA:0,_RNCNCNvNtNtCseTbiQT207CU_15leadsnebula_api6routes6carina11create_lead0sw_0B9_
FNDA:0,_RNCNCNvNtNtCseTbiQT207CU_15leadsnebula_api6routes6carina11create_lead0sx_0B9_
FNDA:0,_RNCNCNvNtNtCseTbiQT207CU_15leadsnebula_api6routes6carina11create_lead0sy_0B9_
FNDA:0,_RNCNvNCNvNtNtCseTbiQT207CU_15leadsnebula_api6routes6carina11create_lead06round20Bb_
FNDA:0,_RNCNvNtNtCseTbiQT207CU_15leadsnebula_api6routes6carina11create_lead0B7_
FNDA:0,_RNvNCNvNtNtCseTbiQT207CU_15leadsnebula_api6routes6carina11create_lead06round2
FNDA:0,_RNvNtNtCseTbiQT207CU_15leadsnebula_api6routes6carina11create_lead
FNDA:0,_RNvNtNtCseTbiQT207CU_15leadsnebula_api6routes6carina13carina_routes
FNDA:0,_RNvNtNtCseTbiQT207CU_15leadsnebula_api6routes6carina17map_error_to_user
FNF:28
FNH:0
DA:21,0
DA:22,0
DA:24,0
DA:26,0
DA:27,0
DA:28,0
DA:29,0
DA:30,0
DA:31,0
DA:32,0
DA:33,0
DA:34,0
DA:35,0
DA:36,0
DA:37,0
DA:38,0
DA:39,0
DA:40,0
DA:41,0
DA:43,0
DA:44,0
DA:45,0
DA:46,0
DA:47,0
DA:48,0
DA:49,0
DA:52,0
DA:53,0
DA:54,0
DA:55,0
DA:56,0
DA:57,0
DA:60,0
DA:63,0
DA:65,0
DA:66,0
DA:148,0
DA:149,0
DA:150,0
DA:152,0
DA:153,0
DA:154,0
DA:155,0
DA:156,0
DA:157,0
DA:158,0
DA:159,0
DA:160,0
DA:161,0
DA:162,0
DA:163,0
DA:164,0
DA:167,0
DA:168,0
DA:169,0
DA:171,0
DA:173,0
DA:176,0
DA:177,0
DA:178,0
DA:179,0
DA:180,0
DA:181,0
DA:182,0
DA:183,0
DA:184,0
DA:185,0
DA:186,0
DA:187,0
DA:188,0
DA:189,0
DA:190,0
DA:191,0
DA:192,0
DA:193,0
DA:194,0
DA:195,0
DA:196,0
DA:197,0
DA:199,0
DA:201,0
DA:204,0
DA:205,0
DA:206,0
DA:208,0
DA:209,0
DA:210,0
DA:211,0
DA:212,0
DA:213,0
DA:214,0
DA:215,0
DA:216,0
DA:217,0
DA:218,0
DA:219,0
DA:220,0
DA:221,0
DA:222,0
DA:223,0
DA:224,0
DA:225,0
DA:226,0
DA:227,0
DA:228,0
DA:229,0
DA:231,0
DA:233,0
DA:239,0
DA:240,0
DA:241,0
DA:244,0
DA:245,0
DA:246,0
DA:247,0
DA:248,0
DA:249,0
DA:250,0
DA:251,0
DA:252,0
DA:253,0
DA:254,0
DA:255,0
DA:256,0
DA:257,0
DA:258,0
DA:259,0
DA:260,0
DA:261,0
DA:262,0
DA:263,0
DA:264,0
DA:265,0
DA:266,0
DA:268,0
DA:270,0
DA:274,0
DA:275,0
DA:276,0
DA:278,0
DA:280,0
DA:283,0
DA:284,0
DA:285,0
DA:286,0
DA:287,0
DA:288,0
DA:289,0
DA:290,0
DA:291,0
DA:292,0
DA:293,0
DA:294,0
DA:295,0
DA:296,0
DA:297,0
DA:298,0
DA:299,0
DA:300,0
DA:301,0
DA:302,0
DA:303,0
DA:304,0
DA:306,0
DA:308,0
DA:311,0
DA:312,0
DA:313,0
DA:315,0
DA:316,0
DA:317,0
DA:318,0
DA:319,0
DA:320,0
DA:321,0
DA:322,0
DA:323,0
DA:324,0
DA:325,0
DA:326,0
DA:327,0
DA:328,0
DA:329,0
DA:330,0
DA:331,0
DA:332,0
DA:333,0
DA:334,0
DA:335,0
DA:336,0
DA:338,0
DA:340,0
DA:347,0
DA:348,0
DA:349,0
DA:350,0
DA:351,0
DA:352,0
DA:353,0
DA:354,0
DA:355,0
DA:357,0
DA:358,0
DA:359,0
DA:360,0
DA:363,0
DA:364,0
DA:365,0
DA:366,0
DA:367,0
DA:368,0
DA:369,0
DA:370,0
DA:371,0
DA:372,0
DA:373,0
DA:374,0
DA:375,0
DA:376,0
DA:377,0
DA:378,0
DA:379,0
DA:380,0
DA:381,0
DA:382,0
DA:383,0
DA:384,0
DA:385,0
DA:386,0
DA:387,0
DA:389,0
DA:391,0
DA:394,0
DA:395,0
DA:396,0
DA:398,0
DA:399,0
DA:400,0
DA:401,0
DA:402,0
DA:403,0
DA:404,0
DA:405,0
DA:406,0
DA:407,0
DA:408,0
DA:409,0
DA:410,0
DA:411,0
DA:412,0
DA:413,0
DA:414,0
DA:415,0
DA:416,0
DA:417,0
DA:418,0
DA:419,0
DA:421,0
DA:423,0
DA:429,0
DA:430,0
DA:431,0
DA:432,0
DA:433,0
DA:435,0
DA:436,0
DA:437,0
DA:438,0
DA:439,0
DA:441,0
DA:443,0
DA:445,0
DA:446,0
DA:447,0
DA:448,0
DA:449,0
DA:450,0
DA:451,0
DA:452,0
DA:453,0
DA:454,0
DA:456,0
DA:458,0
DA:459,0
DA:460,0
DA:461,0
DA:462,0
DA:463,0
DA:464,0
DA:465,0
DA:466,0
DA:467,0
DA:469,0
DA:471,0
DA:475,0
DA:476,0
DA:479,0
DA:480,0
DA:481,0
DA:482,0
DA:483,0
DA:484,0
DA:486,0
DA:488,0
DA:489,0
DA:491,0
DA:494,0
DA:495,0
DA:496,0
DA:497,0
DA:501,0
DA:502,0
DA:503,0
DA:504,0
DA:505,0
DA:506,0
DA:507,0
DA:508,0
DA:509,0
DA:510,0
DA:511,0
DA:512,0
DA:513,0
DA:518,0
DA:519,0
DA:520,0
DA:521,0
DA:524,0
DA:525,0
DA:528,0
DA:529,0
DA:530,0
DA:531,0
DA:532,0
DA:533,0
DA:534,0
DA:536,0
DA:537,0
DA:538,0
DA:539,0
DA:540,0
DA:541,0
DA:542,0
DA:543,0
DA:544,0
DA:545,0
DA:546,0
DA:547,0
DA:548,0
DA:549,0
DA:550,0
DA:551,0
DA:552,0
DA:553,0
DA:554,0
DA:555,0
DA:559,0
DA:560,0
DA:561,0
DA:562,0
DA:563,0
DA:564,0
DA:565,0
DA:566,0
DA:567,0
DA:568,0
DA:570,0
DA:571,0
DA:572,0
DA:573,0
DA:574,0
DA:575,0
DA:580,0
DA:581,0
DA:582,0
DA:583,0
DA:584,0
DA:586,0
DA:587,0
DA:588,0
DA:589,0
DA:590,0
DA:591,0
DA:593,0
DA:594,0
DA:595,0
DA:596,0
DA:597,0
DA:598,0
DA:599,0
DA:600,0
DA:601,0
DA:602,0
DA:603,0
DA:604,0
DA:605,0
DA:606,0
DA:607,0
DA:608,0
DA:609,0
DA:610,0
DA:612,0
DA:613,0
DA:614,0
DA:615,0
DA:616,0
DA:619,0
DA:621,0
DA:622,0
DA:623,0
DA:624,0
DA:625,0
DA:626,0
DA:627,0
DA:630,0
DA:631,0
DA:633,0
DA:634,0
DA:635,0
DA:636,0
DA:639,0
DA:640,0
DA:641,0
DA:642,0
DA:643,0
DA:644,0
DA:645,0
DA:646,0
DA:647,0
DA:648,0
DA:649,0
DA:650,0
DA:651,0
DA:652,0
DA:653,0
DA:654,0
DA:655,0
DA:656,0
DA:657,0
DA:658,0
DA:659,0
DA:660,0
DA:661,0
DA:662,0
DA:663,0
DA:664,0
DA:665,0
DA:669,0
DA:671,0
DA:674,0
DA:675,0
DA:676,0
DA:678,0
DA:679,0
DA:680,0
DA:681,0
DA:682,0
DA:683,0
DA:684,0
DA:685,0
DA:686,0
DA:687,0
DA:688,0
DA:689,0
DA:690,0
DA:691,0
DA:692,0
DA:693,0
DA:694,0
DA:695,0
DA:696,0
DA:697,0
DA:698,0
DA:699,0
DA:701,0
DA:703,0
DA:707,0
DA:711,0
DA:712,0
DA:713,0
DA:714,0
DA:718,0
DA:719,0
DA:720,0
DA:723,0
DA:724,0
DA:725,0
DA:727,0
DA:728,0
DA:729,0
DA:731,0
DA:733,0
DA:735,0
DA:736,0
DA:737,0
DA:740,0
DA:743,0
DA:744,0
DA:745,0
DA:747,0
DA:748,0
DA:749,0
DA:751,0
DA:752,0
DA:753,0
DA:754,0
DA:755,0
DA:756,0
DA:757,0
DA:760,0
DA:763,0
DA:764,0
DA:765,0
DA:767,0
DA:768,0
DA:769,0
DA:771,0
DA:772,0
DA:773,0
DA:774,0
DA:778,0
DA:779,0
DA:781,0
DA:782,0
DA:783,0
DA:785,0
DA:787,0
DA:789,0
DA:790,0
DA:791,0
DA:798,0
DA:799,0
DA:800,0
DA:801,0
DA:802,0
DA:804,0
DA:805,0
DA:806,0
DA:809,0
DA:810,0
DA:812,0
DA:813,0
DA:814,0
DA:815,0
DA:816,0
DA:817,0
DA:818,0
DA:819,0
DA:820,0
DA:821,0
DA:822,0
DA:823,0
DA:824,0
DA:825,0
DA:826,0
DA:827,0
DA:828,0
DA:829,0
DA:830,0
DA:831,0
DA:832,0
DA:833,0
DA:834,0
DA:835,0
DA:836,0
DA:838,0
DA:840,0
DA:842,0
DA:845,0
DA:846,0
DA:847,0
DA:848,0
DA:849,0
DA:850,0
DA:851,0
DA:852,0
DA:853,0
DA:854,0
DA:856,0
DA:859,0
DA:860,0
DA:861,0
DA:862,0
DA:863,0
DA:865,0
DA:869,0
DA:870,0
DA:878,0
DA:879,0
DA:880,0
DA:881,0
DA:882,0
DA:883,0
DA:884,0
DA:885,0
DA:886,0
DA:887,0
DA:888,0
DA:890,0
DA:891,0
DA:892,0
DA:894,0
DA:896,0
DA:897,0
DA:898,0
DA:899,0
DA:900,0
DA:901,0
DA:902,0
DA:903,0
DA:904,0
DA:906,0
DA:907,0
DA:909,0
DA:910,0
DA:912,0
DA:913,0
DA:914,0
DA:916,0
DA:917,0
DA:918,0
DA:919,0
DA:920,0
DA:922,0
DA:924,0
DA:925,0
DA:926,0
DA:927,0
DA:928,0
DA:929,0
DA:931,0
DA:932,0
DA:933,0
DA:934,0
DA:935,0
DA:936,0
DA:937,0
DA:938,0
DA:939,0
DA:940,0
DA:941,0
DA:942,0
DA:943,0
DA:944,0
DA:945,0
DA:946,0
DA:948,0
DA:950,0
DA:956,0
DA:957,0
DA:959,0
DA:960,0
DA:961,0
DA:962,0
DA:965,0
DA:966,0
DA:969,0
DA:970,0
DA:971,0
DA:972,0
DA:973,0
DA:975,0
DA:976,0
DA:977,0
DA:978,0
DA:979,0
DA:980,0
DA:981,0
DA:982,0
DA:983,0
DA:984,0
DA:985,0
DA:986,0
DA:987,0
DA:988,0
DA:990,0
DA:991,0
DA:992,0
DA:993,0
DA:994,0
DA:995,0
DA:996,0
DA:998,0
DA:999,0
DA:1000,0
DA:1001,0
DA:1002,0
DA:1006,0
DA:1007,0
DA:1008,0
DA:1012,0
DA:1013,0
DA:1015,0
DA:1016,0
DA:1017,0
DA:1019,0
DA:1020,0
DA:1021,0
DA:1023,0
DA:1024,0
DA:1025,0
DA:1026,0
DA:1027,0
DA:1028,0
DA:1029,0
DA:1030,0
DA:1031,0
DA:1032,0
DA:1033,0
DA:1034,0
DA:1035,0
DA:1036,0
DA:1037,0
DA:1038,0
DA:1039,0
DA:1040,0
DA:1041,0
DA:1042,0
DA:1043,0
DA:1044,0
DA:1046,0
DA:1048,0
DA:1054,0
DA:1055,0
DA:1056,0
DA:1057,0
DA:1058,0
DA:1061,0
DA:1062,0
DA:1063,0
DA:1064,0
DA:1065,0
DA:1067,0
DA:1069,0
DA:1070,0
DA:1073,0
DA:1074,0
DA:1075,0
DA:1078,0
DA:1079,0
DA:1080,0
DA:1081,0
DA:1082,0
DA:1083,0
DA:1084,0
DA:1089,0
DA:1090,0
DA:1091,0
DA:1093,0
DA:1095,0
DA:1096,0
DA:1097,0
DA:1099,0
DA:1101,0
DA:1102,0
DA:1104,0
DA:1108,0
DA:1109,0
DA:1110,0
DA:1111,0
DA:1112,0
DA:1113,0
DA:1114,0
DA:1115,0
DA:1117,0
DA:1120,0
DA:1121,0
DA:1122,0
DA:1123,0
DA:1124,0
DA:1125,0
DA:1126,0
DA:1127,0
DA:1129,0
DA:1132,0
DA:1133,0
DA:1134,0
DA:1135,0
DA:1136,0
DA:1137,0
DA:1138,0
DA:1139,0
DA:1140,0
DA:1141,0
DA:1142,0
DA:1143,0
DA:1147,0
DA:1151,0
DA:1152,0
DA:1153,0
DA:1154,0
DA:1155,0
DA:1156,0
DA:1157,0
DA:1158,0
DA:1159,0
DA:1160,0
DA:1161,0
DA:1162,0
DA:1167,0
DA:1168,0
DA:1169,0
DA:1170,0
DA:1171,0
DA:1172,0
DA:1174,0
DA:1175,0
DA:1176,0
DA:1177,0
DA:1178,0
DA:1179,0
DA:1180,0
DA:1181,0
DA:1182,0
DA:1183,0
DA:1184,0
DA:1187,0
DA:1188,0
DA:1189,0
DA:1190,0
DA:1191,0
DA:1192,0
DA:1193,0
DA:1194,0
DA:1196,0
DA:1197,0
DA:1198,0
DA:1199,0
DA:1200,0
DA:1201,0
DA:1206,0
DA:1207,0
DA:1208,0
DA:1209,0
DA:1210,0
DA:1212,0
DA:1213,0
DA:1214,0
DA:1215,0
DA:1216,0
DA:1217,0
DA:1218,0
DA:1219,0
DA:1222,0
DA:1223,0
DA:1224,0
DA:1225,0
DA:1226,0
DA:1227,0
DA:1228,0
DA:1229,0
DA:1230,0
DA:1231,0
DA:1232,0
DA:1233,0
DA:1234,0
DA:1235,0
DA:1236,0
DA:1237,0
DA:1238,0
DA:1239,0
DA:1241,0
DA:1242,0
DA:1243,0
DA:1244,0
DA:1246,0
DA:1247,0
DA:1248,0
DA:1249,0
DA:1255,0
DA:1256,0
DA:1257,0
DA:1258,0
DA:1259,0
DA:1260,0
DA:1261,0
DA:1262,0
DA:1263,0
DA:1264,0
DA:1267,0
DA:1268,0
DA:1269,0
DA:1270,0
DA:1271,0
DA:1272,0
DA:1273,0
DA:1274,0
DA:1275,0
DA:1276,0
DA:1277,0
DA:1278,0
DA:1279,0
DA:1280,0
DA:1285,0
DA:1286,0
DA:1287,0
DA:1288,0
DA:1291,0
DA:1292,0
DA:1295,0
DA:1296,0
DA:1297,0
DA:1298,0
DA:1299,0
DA:1300,0
DA:1301,0
DA:1303,0
DA:1304,0
DA:1305,0
DA:1306,0
DA:1307,0
DA:1308,0
DA:1309,0
DA:1310,0
DA:1311,0
DA:1312,0
DA:1313,0
DA:1314,0
DA:1315,0
DA:1316,0
DA:1317,0
DA:1318,0
DA:1319,0
DA:1320,0
DA:1321,0
DA:1322,0
DA:1326,0
DA:1327,0
DA:1328,0
DA:1329,0
DA:1330,0
DA:1331,0
DA:1332,0
DA:1333,0
DA:1334,0
DA:1335,0
DA:1337,0
DA:1338,0
DA:1339,0
DA:1340,0
DA:1341,0
DA:1342,0
DA:1344,0
DA:1346,0
DA:1347,0
DA:1348,0
DA:1349,0
DA:1350,0
DA:1351,0
DA:1352,0
DA:1353,0
DA:1354,0
DA:1355,0
DA:1356,0
DA:1357,0
DA:1358,0
DA:1359,0
DA:1360,0
DA:1361,0
DA:1362,0
DA:1363,0
DA:1364,0
DA:1366,0
DA:1367,0
DA:1368,0
DA:1370,0
DA:1371,0
DA:1372,0
DA:1373,0
DA:1374,0
DA:1375,0
DA:1377,0
DA:1378,0
DA:1379,0
DA:1380,0
DA:1381,0
DA:1382,0
DA:1383,0
DA:1384,0
DA:1385,0
DA:1386,0
DA:1387,0
DA:1388,0
DA:1389,0
DA:1390,0
DA:1391,0
DA:1392,0
DA:1394,0
DA:1396,0
DA:1400,0
BRF:0
BRH:0
LF:1012
LH:0
end_of_record
SF:/home/badinoff/projects/leadsnebula/rust/crates/api/src/routes/dashboard.rs
FN:3575,_RNCNCNCNCNvNtNtCsdK057PofOfl_15leadsnebula_api6routes9dashboard20list_buyer_rule_sets0s0_0s4_00Bd_
FN:1890,_RNCNCNCNvNtNtCsdK057PofOfl_15leadsnebula_api6routes9dashboard11list_buyers0s0_00Bb_
FN:1914,_RNCNCNCNvNtNtCsdK057PofOfl_15leadsnebula_api6routes9dashboard11list_buyers0s1_00Bb_
FN:1940,_RNCNCNCNvNtNtCsdK057PofOfl_15leadsnebula_api6routes9dashboard11list_buyers0s2_00Bb_
FN:1942,_RNCNCNCNvNtNtCsdK057PofOfl_15leadsnebula_api6routes9dashboard11list_buyers0s2_0s_0Bb_
FN:1959,_RNCNCNCNvNtNtCsdK057PofOfl_15leadsnebula_api6routes9dashboard11list_buyers0s3_00Bb_
FN:1974,_RNCNCNCNvNtNtCsdK057PofOfl_15leadsnebula_api6routes9dashboard11list_buyers0s4_00Bb_
FN:2262,_RNCNCNCNvNtNtCsdK057PofOfl_15leadsnebula_api6routes9dashboard12create_buyer0s8_00Bb_
FN:2916,_RNCNCNCNvNtNtCsdK057PofOfl_15leadsnebula_api6routes9dashboard12delete_buyer0s_00Bb_
FN:2629,_RNCNCNCNvNtNtCsdK057PofOfl_15leadsnebula_api6routes9dashboard12update_buyer0sb_00Bb_
FN:2678,_RNCNCNCNvNtNtCsdK057PofOfl_15leadsnebula_api6routes9dashboard12update_buyer0sc_00Bb_
FN:2682,_RNCNCNCNvNtNtCsdK057PofOfl_15leadsnebula_api6routes9dashboard12update_buyer0sc_0s_0Bb_
FN:2723,_RNCNCNCNvNtNtCsdK057PofOfl_15leadsnebula_api6routes9dashboard12update_buyer0sd_00Bb_
FN:2727,_RNCNCNCNvNtNtCsdK057PofOfl_15leadsnebula_api6routes9dashboard12update_buyer0sd_0s_0Bb_
FN:2828,_RNCNCNCNvNtNtCsdK057PofOfl_15leadsnebula_api6routes9dashboard12update_buyer0sr_00Bb_
FN:870,_RNCNCNCNvNtNtCsdK057PofOfl_15leadsnebula_api6routes9dashboard16register_passkey0sb_00Bb_
FN:3818,_RNCNCNCNvNtNtCsdK057PofOfl_15leadsnebula_api6routes9dashboard18get_buyer_rule_set0s5_00Bb_
FN:1078,_RNCNCNCNvNtNtCsdK057PofOfl_15leadsnebula_api6routes9dashboard20__setup_otp_with_user0s0_00Bb_
FN:1181,_RNCNCNCNvNtNtCsdK057PofOfl_15leadsnebula_api6routes9dashboard20__setup_otp_with_user0s3_00Bb_
FN:3552,_RNCNCNCNvNtNtCsdK057PofOfl_15leadsnebula_api6routes9dashboard20list_buyer_rule_sets0s0_00Bb_
FN:3554,_RNCNCNCNvNtNtCsdK057PofOfl_15leadsnebula_api6routes9dashboard20list_buyer_rule_sets0s0_0s0_0Bb_
FN:3559,_RNCNCNCNvNtNtCsdK057PofOfl_15leadsnebula_api6routes9dashboard20list_buyer_rule_sets0s0_0s1_0Bb_
FN:3569,_RNCNCNCNvNtNtCsdK057PofOfl_15leadsnebula_api6routes9dashboard20list_buyer_rule_sets0s0_0s2_0Bb_
FN:3570,_RNCNCNCNvNtNtCsdK057PofOfl_15leadsnebula_api6routes9dashboard20list_buyer_rule_sets0s0_0s3_0Bb_
FN:3571,_RNCNCNCNvNtNtCsdK057PofOfl_15leadsnebula_api6routes9dashboard20list_buyer_rule_sets0s0_0s4_0Bb_
FN:3579,_RNCNCNCNvNtNtCsdK057PofOfl_15leadsnebula_api6routes9dashboard20list_buyer_rule_sets0s0_0s5_0Bb_
FN:3582,_RNCNCNCNvNtNtCsdK057PofOfl_15leadsnebula_api6routes9dashboard20list_buyer_rule_sets0s0_0s6_0Bb_
FN:3608,_RNCNCNCNvNtNtCsdK057PofOfl_15leadsnebula_api6routes9dashboard20list_buyer_rule_sets0s0_0s7_0Bb_
FN:3553,_RNCNCNCNvNtNtCsdK057PofOfl_15leadsnebula_api6routes9dashboard20list_buyer_rule_sets0s0_0s_0Bb_
FN:4309,_RNCNCNCNvNtNtCsdK057PofOfl_15leadsnebula_api6routes9dashboard21delete_buyer_rule_set0s1_00Bb_
FN:4310,_RNCNCNCNvNtNtCsdK057PofOfl_15leadsnebula_api6routes9dashboard21delete_buyer_rule_set0s2_00Bb_
FN:4572,_RNCNCNCNvNtNtCsdK057PofOfl_15leadsnebula_api6routes9dashboard21list_buyer_audit_logs0s_00Bb_
FN:4582,_RNCNCNCNvNtNtCsdK057PofOfl_15leadsnebula_api6routes9dashboard21list_buyer_audit_logs0s_0s0_0Bb_
FN:4583,_RNCNCNCNvNtNtCsdK057PofOfl_15leadsnebula_api6routes9dashboard21list_buyer_audit_logs0s_0s1_0Bb_
FN:4575,_RNCNCNCNvNtNtCsdK057PofOfl_15leadsnebula_api6routes9dashboard21list_buyer_audit_logs0s_0s_0Bb_
FN:3941,_RNCNCNCNvNtNtCsdK057PofOfl_15leadsnebula_api6routes9dashboard21update_buyer_rule_set0s1_00Bb_
FN:4127,_RNCNCNCNvNtNtCsdK057PofOfl_15leadsnebula_api6routes9dashboard21update_buyer_rule_set0sf_00Bb_
FN:3905,_RNCNCNCNvNtNtCsdK057PofOfl_15leadsnebula_api6routes9dashboard21update_buyer_rule_set0st_00Bb_
FN:4030,_RNCNCNCNvNtNtCsdK057PofOfl_15leadsnebula_api6routes9dashboard21update_buyer_rule_set0sv_00Bb_
FN:4193,_RNCNCNCNvNtNtCsdK057PofOfl_15leadsnebula_api6routes9dashboard21update_buyer_rule_set0sw_00Bb_
FN:3467,_RNCNCNCNvNtNtCsdK057PofOfl_15leadsnebula_api6routes9dashboard23list_buyer_integrations0s_00Bb_
FN:3469,_RNCNCNCNvNtNtCsdK057PofOfl_15leadsnebula_api6routes9dashboard23list_buyer_integrations0s_0s0_0Bb_
FN:3470,_RNCNCNCNvNtNtCsdK057PofOfl_15leadsnebula_api6routes9dashboard23list_buyer_integrations0s_0s1_0Bb_
FN:3473,_RNCNCNCNvNtNtCsdK057PofOfl_15leadsnebula_api6routes9dashboard23list_buyer_integrations0s_0s2_0Bb_
FN:3478,_RNCNCNCNvNtNtCsdK057PofOfl_15leadsnebula_api6routes9dashboard23list_buyer_integrations0s_0s3_0Bb_
FN:3479,_RNCNCNCNvNtNtCsdK057PofOfl_15leadsnebula_api6routes9dashboard23list_buyer_integrations0s_0s4_0Bb_
FN:3468,_RNCNCNCNvNtNtCsdK057PofOfl_15leadsnebula_api6routes9dashboard23list_buyer_integrations0s_0s_0Bb_
FN:636,_RNCNCNCNvNtNtCsdK057PofOfl_15leadsnebula_api6routes9dashboard28passkey_registration_options0s7_00Bb_
FN:3028,_RNCNCNvNCNvNtNtCsdK057PofOfl_15leadsnebula_api6routes9dashboard49___axum_macros_check_create_campaign_into_response060___axum_macros_check_create_campaign_into_response_make_value0s_0Bd_
FN:358,_RNCNCNvNtNtCsdK057PofOfl_15leadsnebula_api6routes9dashboard10verify_otp00B9_
FN:374,_RNCNCNvNtNtCsdK057PofOfl_15leadsnebula_api6routes9dashboard10verify_otp0s2_0B9_
FN:388,_RNCNCNvNtNtCsdK057PofOfl_15leadsnebula_api6routes9dashboard10verify_otp0s3_0B9_
FN:400,_RNCNCNvNtNtCsdK057PofOfl_15leadsnebula_api6routes9dashboard10verify_otp0s4_0B9_
FN:422,_RNCNCNvNtNtCsdK057PofOfl_15leadsnebula_api6routes9dashboard10verify_otp0s5_0B9_
FN:445,_RNCNCNvNtNtCsdK057PofOfl_15leadsnebula_api6routes9dashboard10verify_otp0s7_0B9_
FN:359,_RNCNCNvNtNtCsdK057PofOfl_15leadsnebula_api6routes9dashboard10verify_otp0s_0B9_
FN:467,_RNCNCNvNtNtCsdK057PofOfl_15leadsnebula_api6routes9dashboard11disable_otp00B9_
FN:483,_RNCNCNvNtNtCsdK057PofOfl_15leadsnebula_api6routes9dashboard11disable_otp0s2_0B9_
FN:496,_RNCNCNvNtNtCsdK057PofOfl_15leadsnebula_api6routes9dashboard11disable_otp0s3_0B9_
FN:516,_RNCNCNvNtNtCsdK057PofOfl_15leadsnebula_api6routes9dashboard11disable_otp0s4_0B9_
FN:468,_RNCNCNvNtNtCsdK057PofOfl_15leadsnebula_api6routes9dashboard11disable_otp0s_0B9_
FN:1858,_RNCNCNvNtNtCsdK057PofOfl_15leadsnebula_api6routes9dashboard11list_buyers00B9_
FN:1883,_RNCNCNvNtNtCsdK057PofOfl_15leadsnebula_api6routes9dashboard11list_buyers0s0_0B9_
FN:1912,_RNCNCNvNtNtCsdK057PofOfl_15leadsnebula_api6routes9dashboard11list_buyers0s1_0B9_
FN:1934,_RNCNCNvNtNtCsdK057PofOfl_15leadsnebula_api6routes9dashboard11list_buyers0s2_0B9_
FN:1958,_RNCNCNvNtNtCsdK057PofOfl_15leadsnebula_api6routes9dashboard11list_buyers0s3_0B9_
FN:1973,_RNCNCNvNtNtCsdK057PofOfl_15leadsnebula_api6routes9dashboard11list_buyers0s4_0B9_
FN:1868,_RNCNCNvNtNtCsdK057PofOfl_15leadsnebula_api6routes9dashboard11list_buyers0s_0B9_
FN:2154,_RNCNCNvNtNtCsdK057PofOfl_15leadsnebula_api6routes9dashboard12create_buyer0s0_0B9_
FN:2171,_RNCNCNvNtNtCsdK057PofOfl_15leadsnebula_api6routes9dashboard12create_buyer0s1_0B9_
FN:2198,_RNCNCNvNtNtCsdK057PofOfl_15leadsnebula_api6routes9dashboard12create_buyer0s2_0B9_
FN:2235,_RNCNCNvNtNtCsdK057PofOfl_15leadsnebula_api6routes9dashboard12create_buyer0s5_0B9_
FN:2258,_RNCNCNvNtNtCsdK057PofOfl_15leadsnebula_api6routes9dashboard12create_buyer0s6_0B9_
FN:2261,_RNCNCNvNtNtCsdK057PofOfl_15leadsnebula_api6routes9dashboard12create_buyer0s7_0B9_
FN:2262,_RNCNCNvNtNtCsdK057PofOfl_15leadsnebula_api6routes9dashboard12create_buyer0s8_0B9_
FN:2070,_RNCNCNvNtNtCsdK057PofOfl_15leadsnebula_api6routes9dashboard12create_buyer0s_0B9_
FN:2892,_RNCNCNvNtNtCsdK057PofOfl_15leadsnebula_api6routes9dashboard12delete_buyer00B9_
FN:2931,_RNCNCNvNtNtCsdK057PofOfl_15leadsnebula_api6routes9dashboard12delete_buyer0s0_0B9_
FN:2911,_RNCNCNvNtNtCsdK057PofOfl_15leadsnebula_api6routes9dashboard12delete_buyer0s_0B9_
FN:2417,_RNCNCNvNtNtCsdK057PofOfl_15leadsnebula_api6routes9dashboard12update_buyer0s0_0B9_
FN:2435,_RNCNCNvNtNtCsdK057PofOfl_15leadsnebula_api6routes9dashboard12update_buyer0s1_0B9_
FN:2453,_RNCNCNvNtNtCsdK057PofOfl_15leadsnebula_api6routes9dashboard12update_buyer0s2_0B9_
FN:2471,_RNCNCNvNtNtCsdK057PofOfl_15leadsnebula_api6routes9dashboard12update_buyer0s3_0B9_
FN:2489,_RNCNCNvNtNtCsdK057PofOfl_15leadsnebula_api6routes9dashboard12update_buyer0s4_0B9_
FN:2507,_RNCNCNvNtNtCsdK057PofOfl_15leadsnebula_api6routes9dashboard12update_buyer0s5_0B9_
FN:2527,_RNCNCNvNtNtCsdK057PofOfl_15leadsnebula_api6routes9dashboard12update_buyer0s6_0B9_
FN:2548,_RNCNCNvNtNtCsdK057PofOfl_15leadsnebula_api6routes9dashboard12update_buyer0s7_0B9_
FN:2585,_RNCNCNvNtNtCsdK057PofOfl_15leadsnebula_api6routes9dashboard12update_buyer0s8_0B9_
FN:2400,_RNCNCNvNtNtCsdK057PofOfl_15leadsnebula_api6routes9dashboard12update_buyer0s_0B9_
FN:2629,_RNCNCNvNtNtCsdK057PofOfl_15leadsnebula_api6routes9dashboard12update_buyer0sb_0B9_
FN:2644,_RNCNCNvNtNtCsdK057PofOfl_15leadsnebula_api6routes9dashboard12update_buyer0sc_0B9_
FN:2688,_RNCNCNvNtNtCsdK057PofOfl_15leadsnebula_api6routes9dashboard12update_buyer0sd_0B9_
FN:2773,_RNCNCNvNtNtCsdK057PofOfl_15leadsnebula_api6routes9dashboard12update_buyer0se_0B9_
FN:2774,_RNCNCNvNtNtCsdK057PofOfl_15leadsnebula_api6routes9dashboard12update_buyer0sf_0B9_
FN:2775,_RNCNCNvNtNtCsdK057PofOfl_15leadsnebula_api6routes9dashboard12update_buyer0sg_0B9_
FN:2779,_RNCNCNvNtNtCsdK057PofOfl_15leadsnebula_api6routes9dashboard12update_buyer0sh_0B9_
FN:2780,_RNCNCNvNtNtCsdK057PofOfl_15leadsnebula_api6routes9dashboard12update_buyer0si_0B9_
FN:2785,_RNCNCNvNtNtCsdK057PofOfl_15leadsnebula_api6routes9dashboard12update_buyer0sj_0B9_
FN:2786,_RNCNCNvNtNtCsdK057PofOfl_15leadsnebula_api6routes9dashboard12update_buyer0sk_0B9_
FN:2787,_RNCNCNvNtNtCsdK057PofOfl_15leadsnebula_api6routes9dashboard12update_buyer0sl_0B9_
FN:2788,_RNCNCNvNtNtCsdK057PofOfl_15leadsnebula_api6routes9dashboard12update_buyer0sm_0B9_
FN:2793,_RNCNCNvNtNtCsdK057PofOfl_15leadsnebula_api6routes9dashboard12update_buyer0sn_0B9_
FN:2794,_RNCNCNvNtNtCsdK057PofOfl_15leadsnebula_api6routes9dashboard12update_buyer0so_0B9_
FN:2799,_RNCNCNvNtNtCsdK057PofOfl_15leadsnebula_api6routes9dashboard12update_buyer0sp_0B9_
FN:2800,_RNCNCNvNtNtCsdK057PofOfl_15leadsnebula_api6routes9dashboard12update_buyer0sq_0B9_
FN:2828,_RNCNCNvNtNtCsdK057PofOfl_15leadsnebula_api6routes9dashboard12update_buyer0sr_0B9_
FN:2834,_RNCNCNvNtNtCsdK057PofOfl_15leadsnebula_api6routes9dashboard12update_buyer0ss_0B9_
FN:3293,_RNCNCNvNtNtCsdK057PofOfl_15leadsnebula_api6routes9dashboard13get_ping_tree0s0_0B9_
FN:1524,_RNCNCNvNtNtCsdK057PofOfl_15leadsnebula_api6routes9dashboard13get_publisher0s0_0B9_
FN:1534,_RNCNCNvNtNtCsdK057PofOfl_15leadsnebula_api6routes9dashboard13get_publisher0s1_0B9_
FN:1503,_RNCNCNvNtNtCsdK057PofOfl_15leadsnebula_api6routes9dashboard13get_publisher0s_0B9_
FN:2973,_RNCNCNvNtNtCsdK057PofOfl_15leadsnebula_api6routes9dashboard14list_campaigns00B9_
FN:2982,_RNCNCNvNtNtCsdK057PofOfl_15leadsnebula_api6routes9dashboard14list_campaigns0s_0B9_
FN:3400,_RNCNCNvNtNtCsdK057PofOfl_15leadsnebula_api6routes9dashboard14list_verticals00B9_
FN:3409,_RNCNCNvNtNtCsdK057PofOfl_15leadsnebula_api6routes9dashboard14list_verticals0s_0B9_
FN:3028,_RNCNCNvNtNtCsdK057PofOfl_15leadsnebula_api6routes9dashboard15create_campaign0s_0B9_
FN:3162,_RNCNCNvNtNtCsdK057PofOfl_15leadsnebula_api6routes9dashboard15list_ping_trees00B9_
FN:3171,_RNCNCNvNtNtCsdK057PofOfl_15leadsnebula_api6routes9dashboard15list_ping_trees0s_0B9_
FN:1248,_RNCNCNvNtNtCsdK057PofOfl_15leadsnebula_api6routes9dashboard15list_publishers00B9_
FN:1272,_RNCNCNvNtNtCsdK057PofOfl_15leadsnebula_api6routes9dashboard15list_publishers0s0_0B9_
FN:1305,_RNCNCNvNtNtCsdK057PofOfl_15leadsnebula_api6routes9dashboard15list_publishers0s1_0B9_
FN:3121,_RNCNCNvNtNtCsdK057PofOfl_15leadsnebula_api6routes9dashboard15update_campaign00B9_
FN:1355,_RNCNCNvNtNtCsdK057PofOfl_15leadsnebula_api6routes9dashboard16create_publisher0s0_0B9_
FN:1368,_RNCNCNvNtNtCsdK057PofOfl_15leadsnebula_api6routes9dashboard16create_publisher0s1_0B9_
FN:1341,_RNCNCNvNtNtCsdK057PofOfl_15leadsnebula_api6routes9dashboard16create_publisher0s2_0B9_
FN:1350,_RNCNCNvNtNtCsdK057PofOfl_15leadsnebula_api6routes9dashboard16create_publisher0s_0B9_
FN:773,_RNCNCNvNtNtCsdK057PofOfl_15leadsnebula_api6routes9dashboard16register_passkey00B9_
FN:789,_RNCNCNvNtNtCsdK057PofOfl_15leadsnebula_api6routes9dashboard16register_passkey0s2_0B9_
FN:800,_RNCNCNvNtNtCsdK057PofOfl_15leadsnebula_api6routes9dashboard16register_passkey0s3_0B9_
FN:808,_RNCNCNvNtNtCsdK057PofOfl_15leadsnebula_api6routes9dashboard16register_passkey0s4_0B9_
FN:814,_RNCNCNvNtNtCsdK057PofOfl_15leadsnebula_api6routes9dashboard16register_passkey0s5_0B9_
FN:821,_RNCNCNvNtNtCsdK057PofOfl_15leadsnebula_api6routes9dashboard16register_passkey0s6_0B9_
FN:822,_RNCNCNvNtNtCsdK057PofOfl_15leadsnebula_api6routes9dashboard16register_passkey0s7_0B9_
FN:838,_RNCNCNvNtNtCsdK057PofOfl_15leadsnebula_api6routes9dashboard16register_passkey0s8_0B9_
FN:851,_RNCNCNvNtNtCsdK057PofOfl_15leadsnebula_api6routes9dashboard16register_passkey0s9_0B9_
FN:774,_RNCNCNvNtNtCsdK057PofOfl_15leadsnebula_api6routes9dashboard16register_passkey0s_0B9_
FN:859,_RNCNCNvNtNtCsdK057PofOfl_15leadsnebula_api6routes9dashboard16register_passkey0sa_0B9_
FN:865,_RNCNCNvNtNtCsdK057PofOfl_15leadsnebula_api6routes9dashboard16register_passkey0sb_0B9_
FN:876,_RNCNCNvNtNtCsdK057PofOfl_15leadsnebula_api6routes9dashboard16register_passkey0sc_0B9_
FN:882,_RNCNCNvNtNtCsdK057PofOfl_15leadsnebula_api6routes9dashboard16register_passkey0sd_0B9_
FN:888,_RNCNCNvNtNtCsdK057PofOfl_15leadsnebula_api6routes9dashboard16register_passkey0se_0B9_
FN:896,_RNCNCNvNtNtCsdK057PofOfl_15leadsnebula_api6routes9dashboard16register_passkey0sf_0B9_
FN:905,_RNCNCNvNtNtCsdK057PofOfl_15leadsnebula_api6routes9dashboard16register_passkey0sg_0B9_
FN:912,_RNCNCNvNtNtCsdK057PofOfl_15leadsnebula_api6routes9dashboard16register_passkey0sh_0B9_
FN:920,_RNCNCNvNtNtCsdK057PofOfl_15leadsnebula_api6routes9dashboard16register_passkey0si_0B9_
FN:930,_RNCNCNvNtNtCsdK057PofOfl_15leadsnebula_api6routes9dashboard16register_passkey0sj_0B9_
[...]
FNDA:0,_RNvCs8nseSoXwQSt_15list_migrations4main
FNF:9
FNH:0
DA:8,0
DA:9,0
DA:11,0
DA:12,0
DA:13,0
DA:14,0
DA:16,0
DA:17,0
DA:18,0
DA:20,0
DA:21,0
DA:22,0
DA:23,0
DA:25,0
DA:26,0
DA:27,0
DA:28,0
DA:29,0
DA:30,0
DA:31,0
DA:32,0
DA:34,0
DA:37,0
DA:38,0
DA:39,0
DA:41,0
DA:42,0
DA:43,0
DA:44,0
DA:48,0
DA:49,0
DA:50,0
DA:52,0
DA:53,0
DA:54,0
DA:55,0
DA:56,0
DA:57,0
DA:58,0
DA:59,0
DA:60,0
DA:61,0
DA:62,0
DA:63,0
DA:64,0
DA:65,0
DA:66,0
DA:67,0
DA:68,0
DA:69,0
DA:70,0
DA:71,0
DA:72,0
DA:73,0
DA:74,0
DA:75,0
DA:76,0
DA:77,0
BRF:0
BRH:0
LF:84
LH:0
end_of_record
SF:/home/badinoff/projects/leadsnebula/rust/crates/utils/src/bin/query-publisher.rs
FN:154,_RNCNCNvCs7AMM21IAMvM_15query_publisher4main00B5_
FN:7,_RNCNvCs7AMM21IAMvM_15query_publisher4main0B3_
FN:7,_RNvCs7AMM21IAMvM_15query_publisher4main
FNDA:0,_RNCNCNvCs7AMM21IAMvM_15query_publisher4main00B5_
FNDA:0,_RNCNvCs7AMM21IAMvM_15query_publisher4main0B3_
FNDA:0,_RNvCs7AMM21IAMvM_15query_publisher4main
FNF:3
FNH:0
DA:7,0
DA:9,0
DA:10,0
DA:12,0
DA:14,0
DA:17,0
DA:18,0
DA:19,0
DA:20,0
DA:21,0
DA:22,0
DA:24,0
DA:25,0
DA:26,0
DA:28,0
DA:29,0
DA:30,0
DA:33,0
DA:34,0
DA:35,0
DA:36,0
DA:39,0
DA:40,0
DA:41,0
DA:42,0
DA:44,0
DA:45,0
DA:46,0
DA:47,0
DA:50,0
DA:51,0
DA:52,0
DA:53,0
DA:54,0
DA:55,0
DA:57,0
DA:58,0
DA:59,0
DA:60,0
DA:61,0
DA:62,0
DA:63,0
DA:65,0
DA:66,0
DA:67,0
DA:68,0
DA:69,0
DA:70,0
DA:71,0
DA:72,0
DA:73,0
DA:75,0
DA:76,0
DA:77,0
DA:78,0
DA:79,0
DA:80,0
DA:81,0
DA:82,0
DA:83,0
DA:86,0
DA:87,0
DA:88,0
DA:89,0
DA:90,0
DA:91,0
DA:93,0
DA:94,0
DA:95,0
DA:96,0
DA:97,0
DA:98,0
DA:100,0
DA:101,0
DA:102,0
DA:103,0
DA:104,0
DA:105,0
DA:106,0
DA:107,0
DA:110,0
DA:111,0
DA:112,0
DA:113,0
DA:114,0
DA:115,0
DA:117,0
DA:118,0
DA:119,0
DA:120,0
DA:121,0
DA:122,0
DA:124,0
DA:125,0
DA:126,0
DA:127,0
DA:128,0
DA:129,0
DA:130,0
DA:131,0
DA:134,0
DA:135,0
DA:136,0
DA:137,0
DA:138,0
DA:139,0
DA:141,0
DA:142,0
DA:143,0
DA:144,0
DA:145,0
DA:146,0
DA:147,0
DA:148,0
DA:149,0
DA:150,0
DA:151,0
DA:152,0
DA:153,0
DA:154,0
DA:155,0
DA:156,0
DA:157,0
DA:158,0
DA:159,0
DA:160,0
DA:161,0
DA:162,0
DA:163,0
DA:164,0
DA:165,0
DA:166,0
DA:167,0
DA:168,0
DA:169,0
DA:170,0
DA:171,0
DA:172,0
DA:173,0
DA:174,0
DA:175,0
DA:176,0
DA:177,0
DA:178,0
DA:179,0
DA:180,0
DA:181,0
BRF:0
BRH:0
LF:183
LH:0
end_of_record
SF:/home/badinoff/projects/leadsnebula/rust/crates/utils/src/bin/run-migrations.rs
FN:79,_RNCNCNCNvCsetbo5jtihfD_14run_migrations4main0s3_00B7_
FN:80,_RNCNCNCNvCsetbo5jtihfD_14run_migrations4main0s3_0s_0B7_
FN:27,_RNCNCNvCsetbo5jtihfD_14run_migrations4main00B5_
FN:38,_RNCNCNvCsetbo5jtihfD_14run_migrations4main0s0_0B5_
FN:39,_RNCNCNvCsetbo5jtihfD_14run_migrations4main0s1_0B5_
FN:73,_RNCNCNvCsetbo5jtihfD_14run_migrations4main0s2_0B5_
FN:74,_RNCNCNvCsetbo5jtihfD_14run_migrations4main0s3_0B5_
FN:28,_RNCNCNvCsetbo5jtihfD_14run_migrations4main0s_0B5_
FN:99,_RNCNvCsetbo5jtihfD_14run_migrations14run_migrations0B3_
FN:11,_RNCNvCsetbo5jtihfD_14run_migrations4main0B3_
FN:99,_RNvCsetbo5jtihfD_14run_migrations14run_migrations
FN:11,_RNvCsetbo5jtihfD_14run_migrations4main
FNDA:0,_RNCNCNCNvCsetbo5jtihfD_14run_migrations4main0s3_00B7_
FNDA:0,_RNCNCNCNvCsetbo5jtihfD_14run_migrations4main0s3_0s_0B7_
FNDA:0,_RNCNCNvCsetbo5jtihfD_14run_migrations4main00B5_
FNDA:0,_RNCNCNvCsetbo5jtihfD_14run_migrations4main0s0_0B5_
FNDA:0,_RNCNCNvCsetbo5jtihfD_14run_migrations4main0s1_0B5_
FNDA:0,_RNCNCNvCsetbo5jtihfD_14run_migrations4main0s2_0B5_
FNDA:0,_RNCNCNvCsetbo5jtihfD_14run_migrations4main0s3_0B5_
FNDA:0,_RNCNCNvCsetbo5jtihfD_14run_migrations4main0s_0B5_
FNDA:0,_RNCNvCsetbo5jtihfD_14run_migrations14run_migrations0B3_
FNDA:0,_RNCNvCsetbo5jtihfD_14run_migrations4main0B3_
FNDA:0,_RNvCsetbo5jtihfD_14run_migrations14run_migrations
FNDA:0,_RNvCsetbo5jtihfD_14run_migrations4main
FNF:12
FNH:0
DA:11,0
DA:12,0
DA:16,0
DA:17,0
DA:18,0
DA:19,0
DA:21,0
DA:22,0
DA:23,0
DA:26,0
DA:27,0
DA:28,0
DA:30,0
DA:31,0
DA:32,0
DA:33,0
DA:35,0
DA:36,0
DA:37,0
DA:38,0
DA:39,0
DA:40,0
DA:41,0
DA:44,0
DA:46,0
DA:48,0
DA:51,0
DA:52,0
DA:54,0
DA:55,0
DA:56,0
DA:57,0
DA:58,0
DA:59,0
DA:60,0
DA:62,0
DA:66,0
DA:67,0
DA:68,0
DA:69,0
DA:72,0
DA:73,0
DA:74,0
DA:75,0
DA:76,0
DA:77,0
DA:78,0
DA:79,0
DA:80,0
DA:81,0
DA:82,0
DA:84,0
DA:85,0
DA:86,0
DA:87,0
DA:89,0
DA:90,0
DA:92,0
DA:94,0
DA:96,0
DA:97,0
DA:99,0
DA:100,0
DA:101,0
DA:102,0
DA:108,0
DA:109,0
DA:110,0
DA:111,0
DA:113,0
DA:114,0
DA:115,0
DA:116,0
DA:117,0
DA:119,0
DA:120,0
DA:121,0
DA:125,0
DA:126,0
DA:127,0
DA:128,0
DA:129,0
DA:130,0
DA:131,0
DA:133,0
DA:134,0
DA:135,0
DA:136,0
DA:138,0
DA:140,0
DA:144,0
BRF:0
BRH:0
LF:103
LH:0
end_of_record
SF:/home/badinoff/projects/leadsnebula/rust/crates/utils/src/bin/test-encryption.rs
FN:6,_RNCNvCsbYr7Va7y0vw_15test_encryption4main0B3_
FN:6,_RNvCsbYr7Va7y0vw_15test_encryption4main
FNDA:0,_RNCNvCsbYr7Va7y0vw_15test_encryption4main0B3_
FNDA:0,_RNvCsbYr7Va7y0vw_15test_encryption4main
FNF:2
FNH:0
DA:6,0
DA:7,0
DA:8,0
DA:11,0
DA:12,0
DA:13,0
DA:17,0
DA:18,0
DA:19,0
DA:23,0
DA:24,0
DA:25,0
DA:28,0
DA:29,0
DA:30,0
DA:31,0
DA:34,0
DA:35,0
DA:36,0
DA:39,0
DA:40,0
DA:41,0
DA:42,0
DA:43,0
DA:44,0
DA:45,0
DA:46,0
DA:47,0
DA:48,0
DA:49,0
DA:50,0
BRF:0
BRH:0
LF:41
LH:0
end_of_record
SF:/home/badinoff/projects/leadsnebula/rust/crates/utils/src/bin/test-password.rs
FN:22,_RNCNCNvCs7bhaUtDMcmN_13test_password4main00B5_
FN:7,_RNCNvCs7bhaUtDMcmN_13test_password4main0B3_
FN:7,_RNvCs7bhaUtDMcmN_13test_password4main
FNDA:0,_RNCNCNvCs7bhaUtDMcmN_13test_password4main00B5_
FNDA:0,_RNCNvCs7bhaUtDMcmN_13test_password4main0B3_
FNDA:0,_RNvCs7bhaUtDMcmN_13test_password4main
FNF:3
FNH:0
DA:7,0
DA:8,0
DA:9,0
DA:11,0
DA:13,0
DA:15,0
DA:16,0
DA:18,0
DA:19,0
DA:21,0
DA:22,0
DA:23,0
DA:24,0
DA:26,0
DA:27,0
DA:28,0
DA:29,0
DA:30,0
DA:32,0
DA:34,0
DA:35,0
DA:36,0
DA:37,0
DA:38,0
DA:39,0
DA:40,0
DA:41,0
DA:42,0
DA:43,0
DA:44,0
DA:45,0
DA:46,0
DA:47,0
BRF:0
BRH:0
LF:46
LH:0
end_of_record
SF:/home/badinoff/projects/leadsnebula/rust/crates/utils/src/bin/test-redis-connection.rs
FN:46,_RNCNCNCNvCshRg5SmuJYec_21test_redis_connection4main0s_00B7_
FN:36,_RNCNCNvCshRg5SmuJYec_21test_redis_connection4main00B5_
FN:48,_RNCNCNvCshRg5SmuJYec_21test_redis_connection4main0s0_0B5_
FN:44,_RNCNCNvCshRg5SmuJYec_21test_redis_connection4main0s_0B5_
FN:20,_RNCNvCshRg5SmuJYec_21test_redis_connection4main0B3_
FN:20,_RNvCshRg5SmuJYec_21test_redis_connection4main
FNDA:0,_RNCNCNCNvCshRg5SmuJYec_21test_redis_connection4main0s_00B7_
FNDA:0,_RNCNCNvCshRg5SmuJYec_21test_redis_connection4main00B5_
FNDA:0,_RNCNCNvCshRg5SmuJYec_21test_redis_connection4main0s0_0B5_
FNDA:0,_RNCNCNvCshRg5SmuJYec_21test_redis_connection4main0s_0B5_
FNDA:0,_RNCNvCshRg5SmuJYec_21test_redis_connection4main0B3_
FNDA:0,_RNvCshRg5SmuJYec_21test_redis_connection4main
FNF:6
FNH:0
DA:20,0
DA:21,0
DA:23,0
DA:25,0
DA:28,0
DA:31,0
DA:32,0
DA:33,0
DA:34,0
DA:35,0
DA:36,0
DA:37,0
DA:38,0
DA:40,0
DA:42,0
DA:43,0
DA:44,0
DA:45,0
DA:46,0
DA:47,0
DA:48,0
DA:50,0
DA:51,0
DA:52,0
DA:53,0
DA:54,0
DA:56,0
DA:61,0
DA:62,0
DA:63,0
DA:64,0
DA:65,0
DA:66,0
DA:68,0
DA:69,0
DA:70,0
DA:75,0
DA:76,0
DA:77,0
DA:78,0
DA:79,0
DA:80,0
DA:81,0
DA:83,0
DA:85,0
DA:86,0
DA:87,0
DA:88,0
DA:90,0
DA:91,0
DA:92,0
DA:93,0
DA:95,0
DA:96,0
DA:97,0
DA:98,0
DA:99,0
DA:100,0
DA:101,0
DA:106,0
DA:107,0
DA:108,0
DA:109,0
DA:110,0
DA:112,0
DA:113,0
DA:114,0
DA:119,0
DA:120,0
DA:121,0
DA:123,0
DA:124,0
DA:126,0
DA:128,0
DA:129,0
DA:130,0
DA:134,0
DA:135,0
DA:136,0
DA:137,0
DA:138,0
DA:139,0
DA:140,0
DA:143,0
DA:144,0
DA:147,0
DA:148,0
DA:150,0
DA:151,0
DA:152,0
DA:157,0
DA:158,0
DA:160,0
DA:161,0
DA:162,0
BRF:0
BRH:0
LF:102
LH:0
end_of_record
SF:/home/badinoff/projects/leadsnebula/rust/crates/utils/src/bin/update-password.rs
FN:39,_RNCNCNvCs4Qt4Fvljb77_15update_password4main00B5_
FN:61,_RNCNCNvCs4Qt4Fvljb77_15update_password4main0s0_0B5_
FN:62,_RNCNCNvCs4Qt4Fvljb77_15update_password4main0s1_0B5_
FN:87,_RNCNCNvCs4Qt4Fvljb77_15update_password4main0s2_0B5_
FN:40,_RNCNCNvCs4Qt4Fvljb77_15update_password4main0s_0B5_
FN:22,_RNCNvCs4Qt4Fvljb77_15update_password4main0B3_
FN:22,_RNvCs4Qt4Fvljb77_15update_password4main
FNDA:0,_RNCNCNvCs4Qt4Fvljb77_15update_password4main00B5_
FNDA:0,_RNCNCNvCs4Qt4Fvljb77_15update_password4main0s0_0B5_
FNDA:0,_RNCNCNvCs4Qt4Fvljb77_15update_password4main0s1_0B5_
FNDA:0,_RNCNCNvCs4Qt4Fvljb77_15update_password4main0s2_0B5_
FNDA:0,_RNCNCNvCs4Qt4Fvljb77_15update_password4main0s_0B5_
FNDA:0,_RNCNvCs4Qt4Fvljb77_15update_password4main0B3_
FNDA:0,_RNvCs4Qt4Fvljb77_15update_password4main
FNF:7
FNH:0
DA:22,0
DA:23,0
DA:26,0
DA:27,0
DA:28,0
DA:29,0
DA:31,0
DA:32,0
DA:33,0
DA:35,0
DA:38,0
DA:39,0
DA:40,0
DA:42,0
DA:43,0
DA:44,0
DA:45,0
DA:48,0
DA:49,0
DA:50,0
DA:51,0
DA:52,0
DA:53,0
DA:55,0
DA:56,0
DA:57,0
DA:58,0
DA:59,0
DA:60,0
DA:61,0
DA:62,0
DA:63,0
DA:64,0
DA:67,0
DA:69,0
DA:71,0
DA:72,0
DA:74,0
DA:75,0
DA:76,0
DA:77,0
DA:78,0
DA:81,0
DA:84,0
DA:85,0
DA:86,0
DA:87,0
DA:88,0
DA:89,0
DA:91,0
DA:92,0
DA:93,0
DA:95,0
DA:96,0
DA:97,0
DA:100,0
DA:101,0
DA:103,0
DA:105,0
DA:106,0
DA:107,0
DA:108,0
DA:109,0
DA:110,0
DA:111,0
DA:112,0
DA:113,0
DA:115,0
DA:116,0
DA:117,0
DA:118,0
DA:119,0
DA:120,0
DA:121,0
DA:122,0
BRF:0
BRH:0
LF:86
LH:0
end_of_record
SF:/home/badinoff/projects/leadsnebula/rust/crates/utils/src/bin/update-redis-url.rs
FN:17,_RNCNvCslOPGhiLSjLK_16update_redis_url4main0B3_
FN:17,_RNvCslOPGhiLSjLK_16update_redis_url4main
FNDA:0,_RNCNvCslOPGhiLSjLK_16update_redis_url4main0B3_
FNDA:0,_RNvCslOPGhiLSjLK_16update_redis_url4main
FNF:2
FNH:0
DA:17,0
DA:18,0
DA:20,0
DA:22,0
DA:23,0
DA:27,0
DA:28,0
DA:29,0
DA:33,0
DA:34,0
BRF:0
BRH:0
LF:12
LH:0
end_of_record
SF:/home/badinoff/projects/leadsnebula/rust/crates/utils/src/bin/validate-config.rs
FN:511,_RNCNCNvCs5kRV8j4A0C_15validate_config16validate_secrets00B5_
FN:480,_RNCNvCs5kRV8j4A0C_15validate_config16validate_secrets0B3_
FN:295,_RNCNvCs5kRV8j4A0C_15validate_config17validate_fly_toml0B3_
FN:313,_RNCNvCs5kRV8j4A0C_15validate_config17validate_fly_tomls0_0B3_
FN:301,_RNCNvCs5kRV8j4A0C_15validate_config17validate_fly_tomls_0B3_
FN:327,_RNCNvCs5kRV8j4A0C_15validate_config19validate_cargo_toml0B3_
FN:341,_RNCNvCs5kRV8j4A0C_15validate_config19validate_cargo_tomls0_0B3_
FN:350,_RNCNvCs5kRV8j4A0C_15validate_config19validate_cargo_tomls1_0B3_
FN:338,_RNCNvCs5kRV8j4A0C_15validate_config19validate_cargo_tomls_0B3_
FN:385,_RNCNvCs5kRV8j4A0C_15validate_config19validate_dockerfile0B3_
FN:395,_RNCNvCs5kRV8j4A0C_15validate_config19validate_dockerfiles_0B3_
FN:613,_RNCNvCs5kRV8j4A0C_15validate_config24validate_github_workflow0B3_
FN:621,_RNCNvCs5kRV8j4A0C_15validate_config24validate_github_workflows0_0B3_
FN:622,_RNCNvCs5kRV8j4A0C_15validate_config24validate_github_workflows1_0B3_
FN:672,_RNCNvCs5kRV8j4A0C_15validate_config24validate_github_workflows2_0B3_
FN:694,_RNCNvCs5kRV8j4A0C_15validate_config24validate_github_workflows3_0B3_
FN:696,_RNCNvCs5kRV8j4A0C_15validate_config24validate_github_workflows4_0B3_
FN:698,_RNCNvCs5kRV8j4A0C_15validate_config24validate_github_workflows5_0B3_
FN:620,_RNCNvCs5kRV8j4A0C_15validate_config24validate_github_workflows_0B3_
FN:256,_RNCNvCs5kRV8j4A0C_15validate_config4main0B3_
FN:217,_RNCNvMs0_Cs5kRV8j4A0C_15validate_configNtB7_16ValidationResult7to_json0B7_
FN:234,_RNCNvMs0_Cs5kRV8j4A0C_15validate_configNtB7_16ValidationResult7to_jsons_0B7_
FN:476,_RNvCs5kRV8j4A0C_15validate_config16validate_secrets
FN:291,_RNvCs5kRV8j4A0C_15validate_config17validate_fly_toml
FN:421,_RNvCs5kRV8j4A0C_15validate_config18validate_ssm_paths
FN:320,_RNvCs5kRV8j4A0C_15validate_config19validate_cargo_toml
FN:378,_RNvCs5kRV8j4A0C_15validate_config19validate_dockerfile
FN:606,_RNvCs5kRV8j4A0C_15validate_config24validate_github_workflow
FN:721,_RNvCs5kRV8j4A0C_15validate_config25validate_cargo_duplicates
FN:256,_RNvCs5kRV8j4A0C_15validate_config4main
FN:153,_RNvMCs5kRV8j4A0C_15validate_configNtB2_12ErrorMessage16with_remediation
FN:146,_RNvMCs5kRV8j4A0C_15validate_configNtB2_12ErrorMessage3new
FN:186,_RNvMs0_Cs5kRV8j4A0C_15validate_configNtB5_16ValidationResult7to_json
FN:162,_RNvXs_Cs5kRV8j4A0C_15validate_configNtB4_12ErrorMessageNtNtCs3XFJfFEDSOQ_4core3fmt7Display3fmt
FNDA:0,_RNCNCNvCs5kRV8j4A0C_15validate_config16validate_secrets00B5_
FNDA:0,_RNCNvCs5kRV8j4A0C_15validate_config16validate_secrets0B3_
FNDA:0,_RNCNvCs5kRV8j4A0C_15validate_config17validate_fly_toml0B3_
FNDA:0,_RNCNvCs5kRV8j4A0C_15validate_config17validate_fly_tomls0_0B3_
FNDA:0,_RNCNvCs5kRV8j4A0C_15validate_config17validate_fly_tomls_0B3_
FNDA:0,_RNCNvCs5kRV8j4A0C_15validate_config19validate_cargo_toml0B3_
FNDA:0,_RNCNvCs5kRV8j4A0C_15validate_config19validate_cargo_tomls0_0B3_
FNDA:0,_RNCNvCs5kRV8j4A0C_15validate_config19validate_cargo_tomls1_0B3_
FNDA:0,_RNCNvCs5kRV8j4A0C_15validate_config19validate_cargo_tomls_0B3_
FNDA:0,_RNCNvCs5kRV8j4A0C_15validate_config19validate_dockerfile0B3_
FNDA:0,_RNCNvCs5kRV8j4A0C_15validate_config19validate_dockerfiles_0B3_
FNDA:0,_RNCNvCs5kRV8j4A0C_15validate_config24validate_github_workflow0B3_
FNDA:0,_RNCNvCs5kRV8j4A0C_15validate_config24validate_github_workflows0_0B3_
FNDA:0,_RNCNvCs5kRV8j4A0C_15validate_config24validate_github_workflows1_0B3_
FNDA:0,_RNCNvCs5kRV8j4A0C_15validate_config24validate_github_workflows2_0B3_
FNDA:0,_RNCNvCs5kRV8j4A0C_15validate_config24validate_github_workflows3_0B3_
FNDA:0,_RNCNvCs5kRV8j4A0C_15validate_config24validate_github_workflows4_0B3_
FNDA:0,_RNCNvCs5kRV8j4A0C_15validate_config24validate_github_workflows5_0B3_
FNDA:0,_RNCNvCs5kRV8j4A0C_15validate_config24validate_github_workflows_0B3_
FNDA:0,_RNCNvCs5kRV8j4A0C_15validate_config4main0B3_
FNDA:0,_RNCNvMs0_Cs5kRV8j4A0C_15validate_configNtB7_16ValidationResult7to_json0B7_
FNDA:0,_RNCNvMs0_Cs5kRV8j4A0C_15validate_configNtB7_16ValidationResult7to_jsons_0B7_
FNDA:0,_RNvCs5kRV8j4A0C_15validate_config16validate_secrets
FNDA:0,_RNvCs5kRV8j4A0C_15validate_config17validate_fly_toml
FNDA:0,_RNvCs5kRV8j4A0C_15validate_config18validate_ssm_paths
FNDA:0,_RNvCs5kRV8j4A0C_15validate_config19validate_cargo_toml
FNDA:0,_RNvCs5kRV8j4A0C_15validate_config19validate_dockerfile
FNDA:0,_RNvCs5kRV8j4A0C_15validate_config24validate_github_workflow
FNDA:0,_RNvCs5kRV8j4A0C_15validate_config25validate_cargo_duplicates
FNDA:0,_RNvCs5kRV8j4A0C_15validate_config4main
FNDA:0,_RNvMCs5kRV8j4A0C_15validate_configNtB2_12ErrorMessage16with_remediation
FNDA:0,_RNvMCs5kRV8j4A0C_15validate_configNtB2_12ErrorMessage3new
FNDA:0,_RNvMs0_Cs5kRV8j4A0C_15validate_configNtB5_16ValidationResult7to_json
FNDA:0,_RNvXs_Cs5kRV8j4A0C_15validate_configNtB4_12ErrorMessageNtNtCs3XFJfFEDSOQ_4core3fmt7Display3fmt
FNF:34
FNH:0
DA:146,0
DA:147,0
DA:148,0
DA:149,0
DA:150,0
DA:151,0
DA:153,0
DA:154,0
DA:155,0
DA:156,0
DA:157,0
DA:158,0
DA:162,0
DA:163,0
DA:164,0
DA:165,0
DA:166,0
DA:167,0
DA:168,0
DA:186,0
DA:187,0
DA:188,0
DA:192,0
DA:193,0
DA:194,0
DA:195,0
DA:196,0
DA:197,0
DA:198,0
DA:199,0
DA:200,0
DA:201,0
DA:202,0
DA:203,0
DA:205,0
DA:206,0
DA:207,0
DA:208,0
DA:209,0
DA:210,0
DA:213,0
DA:214,0
DA:215,0
DA:216,0
DA:217,0
DA:218,0
DA:219,0
DA:220,0
DA:221,0
DA:224,0
DA:226,0
DA:227,0
DA:228,0
DA:229,0
DA:230,0
DA:231,0
DA:232,0
DA:233,0
DA:234,0
DA:235,0
DA:236,0
DA:237,0
DA:238,0
DA:241,0
DA:243,0
DA:244,0
DA:245,0
DA:246,0
DA:247,0
DA:248,0
DA:249,0
DA:251,0
DA:252,0
DA:256,0
DA:257,0
DA:259,0
DA:260,0
DA:261,0
DA:262,0
DA:263,0
DA:264,0
DA:265,0
DA:267,0
DA:268,0
DA:269,0
DA:270,0
DA:274,0
DA:275,0
DA:276,0
DA:277,0
DA:280,0
DA:281,0
DA:284,0
DA:285,0
DA:286,0
DA:287,0
DA:288,0
DA:289,0
DA:291,0
DA:292,0
DA:294,0
DA:295,0
DA:297,0
DA:298,0
DA:301,0
DA:302,0
DA:303,0
DA:304,0
DA:305,0
DA:306,0
DA:307,0
DA:308,0
DA:309,0
DA:310,0
DA:313,0
DA:314,0
DA:315,0
DA:317,0
DA:318,0
DA:320,0
DA:321,0
DA:322,0
DA:323,0
DA:324,0
DA:326,0
DA:327,0
DA:329,0
DA:330,0
DA:334,0
DA:335,0
DA:336,0
DA:337,0
DA:338,0
DA:340,0
DA:341,0
DA:343,0
DA:346,0
DA:350,0
DA:351,0
DA:354,0
DA:355,0
DA:356,0
DA:357,0
DA:358,0
DA:359,0
DA:360,0
DA:361,0
DA:362,0
DA:363,0
DA:364,0
DA:365,0
DA:366,0
DA:367,0
DA:368,0
DA:369,0
DA:370,0
DA:372,0
DA:373,0
DA:375,0
DA:376,0
DA:378,0
DA:379,0
DA:380,0
DA:381,0
DA:382,0
DA:384,0
DA:385,0
DA:388,0
DA:389,0
DA:392,0
DA:393,0
DA:394,0
DA:395,0
DA:396,0
DA:397,0
DA:398,0
DA:399,0
DA:400,0
DA:403,0
DA:405,0
DA:406,0
DA:407,0
DA:408,0
DA:409,0
DA:410,0
DA:411,0
DA:412,0
DA:413,0
DA:415,0
DA:418,0
DA:419,0
DA:421,0
DA:422,0
DA:423,0
DA:424,0
DA:425,0
DA:428,0
DA:429,0
DA:430,0
DA:431,0
DA:432,0
DA:433,0
DA:435,0
DA:438,0
DA:441,0
DA:442,0
DA:443,0
DA:444,0
DA:445,0
DA:446,0
DA:447,0
DA:448,0
DA:449,0
DA:450,0
DA:451,0
DA:452,0
DA:453,0
DA:454,0
DA:455,0
DA:456,0
DA:457,0
DA:461,0
DA:462,0
DA:463,0
DA:464,0
DA:465,0
DA:466,0
DA:467,0
DA:468,0
DA:469,0
DA:470,0
DA:473,0
DA:474,0
DA:476,0
DA:477,0
DA:478,0
DA:479,0
DA:480,0
DA:481,0
DA:482,0
DA:483,0
DA:484,0
DA:486,0
DA:488,0
DA:489,0
DA:492,0
DA:493,0
DA:494,0
DA:495,0
DA:496,0
DA:498,0
DA:499,0
DA:500,0
DA:501,0
DA:503,0
DA:506,0
DA:508,0
DA:509,0
DA:510,0
DA:511,0
DA:513,0
DA:514,0
DA:515,0
DA:516,0
DA:517,0
DA:518,0
DA:519,0
DA:523,0
DA:524,0
DA:525,0
DA:528,0
DA:529,0
DA:530,0
DA:531,0
DA:532,0
DA:533,0
DA:534,0
DA:536,0
DA:539,0
DA:540,0
DA:541,0
DA:542,0
DA:543,0
DA:544,0
DA:545,0
DA:546,0
DA:547,0
DA:548,0
DA:549,0
DA:550,0
DA:551,0
DA:552,0
DA:553,0
DA:554,0
DA:555,0
DA:556,0
DA:557,0
DA:558,0
DA:561,0
DA:562,0
DA:563,0
DA:564,0
DA:565,0
DA:566,0
DA:567,0
DA:568,0
DA:569,0
DA:570,0
DA:571,0
DA:572,0
DA:573,0
DA:574,0
DA:575,0
DA:576,0
DA:578,0
DA:579,0
DA:580,0
DA:581,0
DA:582,0
DA:583,0
DA:584,0
DA:585,0
DA:586,0
DA:587,0
DA:588,0
DA:593,0
DA:594,0
DA:595,0
DA:596,0
DA:597,0
DA:598,0
DA:599,0
DA:601,0
DA:603,0
DA:604,0
DA:606,0
DA:607,0
DA:608,0
DA:609,0
DA:610,0
DA:612,0
DA:613,0
DA:615,0
DA:618,0
DA:619,0
DA:620,0
DA:621,0
DA:622,0
DA:623,0
DA:626,0
DA:627,0
DA:629,0
DA:630,0
DA:631,0
DA:632,0
DA:633,0
DA:634,0
DA:635,0
DA:636,0
DA:637,0
DA:638,0
DA:639,0
DA:640,0
DA:641,0
DA:642,0
DA:643,0
DA:644,0
DA:645,0
DA:646,0
DA:647,0
DA:648,0
DA:649,0
DA:652,0
DA:653,0
DA:656,0
DA:657,0
DA:658,0
DA:661,0
DA:662,0
DA:663,0
DA:664,0
DA:665,0
DA:666,0
DA:667,0
DA:668,0
DA:669,0
DA:672,0
DA:673,0
DA:674,0
DA:675,0
DA:676,0
DA:677,0
DA:678,0
DA:679,0
DA:680,0
DA:681,0
DA:682,0
DA:684,0
DA:686,0
DA:687,0
DA:688,0
DA:689,0
DA:690,0
DA:691,0
DA:694,0
DA:695,0
DA:696,0
DA:697,0
DA:698,0
DA:699,0
DA:701,0
DA:702,0
DA:703,0
DA:704,0
DA:705,0
DA:706,0
DA:707,0
DA:708,0
DA:709,0
DA:710,0
DA:711,0
DA:712,0
DA:714,0
DA:716,0
DA:718,0
DA:719,0
DA:721,0
DA:722,0
DA:723,0
DA:724,0
DA:725,0
DA:728,0
DA:729,0
DA:730,0
DA:731,0
DA:733,0
DA:734,0
DA:735,0
DA:737,0
DA:738,0
DA:740,0
DA:741,0
DA:743,0
DA:744,0
DA:747,0
DA:749,0
DA:750,0
DA:751,0
DA:752,0
DA:753,0
DA:754,0
DA:755,0
DA:759,0
DA:760,0
DA:761,0
DA:762,0
DA:763,0
DA:764,0
DA:765,0
DA:766,0
DA:767,0
DA:768,0
DA:769,0
DA:770,0
DA:771,0
DA:772,0
DA:773,0
DA:774,0
DA:777,0
DA:778,0
BRF:0
BRH:0
LF:496
LH:0
end_of_record
SF:/home/badinoff/projects/leadsnebula/rust/crates/utils/src/bin/verify-email-index.rs
FN:17,_RNCNCNvCskHGmNHTNkPB_18verify_email_index4main00B5_
FN:31,_RNCNCNvCskHGmNHTNkPB_18verify_email_index4main0s0_0B5_
FN:32,_RNCNCNvCskHGmNHTNkPB_18verify_email_index4main0s1_0B5_
FN:18,_RNCNCNvCskHGmNHTNkPB_18verify_email_index4main0s_0B5_
FN:8,_RNCNvCskHGmNHTNkPB_18verify_email_index4main0B3_
FN:8,_RNvCskHGmNHTNkPB_18verify_email_index4main
FNDA:0,_RNCNCNvCskHGmNHTNkPB_18verify_email_index4main00B5_
FNDA:0,_RNCNCNvCskHGmNHTNkPB_18verify_email_index4main0s0_0B5_
FNDA:0,_RNCNCNvCskHGmNHTNkPB_18verify_email_index4main0s1_0B5_
FNDA:0,_RNCNCNvCskHGmNHTNkPB_18verify_email_index4main0s_0B5_
FNDA:0,_RNCNvCskHGmNHTNkPB_18verify_email_index4main0B3_
FNDA:0,_RNvCskHGmNHTNkPB_18verify_email_index4main
FNF:6
FNH:0
DA:8,0
DA:9,0
DA:12,0
DA:13,0
DA:16,0
DA:17,0
DA:18,0
DA:20,0
DA:21,0
DA:22,0
DA:23,0
DA:25,0
DA:26,0
DA:27,0
DA:28,0
DA:29,0
DA:30,0
DA:31,0
DA:32,0
DA:33,0
DA:34,0
DA:37,0
DA:39,0
DA:41,0
DA:44,0
DA:45,0
DA:46,0
DA:47,0
DA:48,0
DA:50,0
DA:51,0
DA:52,0
DA:53,0
DA:54,0
DA:55,0
DA:56,0
DA:60,0
DA:61,0
DA:62,0
DA:63,0
DA:64,0
DA:66,0
DA:67,0
DA:68,0
DA:69,0
DA:70,0
DA:71,0
DA:72,0
DA:73,0
DA:74,0
DA:75,0
DA:76,0
DA:77,0
DA:78,0
DA:79,0
DA:80,0
DA:81,0
DA:82,0
DA:83,0
BRF:0
BRH:0
LF:78
LH:0
end_of_record